2022-05-18 20:49:56,938 ERROR 22384 nodejs.unhandledRejectionError: WHERE parameter "username" has invalid "undefined" value
    at MySQLQueryGenerator.whereItemQuery (E:\my\my_web\node_server\node_modules\_sequelize@6.19.1@sequelize\lib\dialects\abstract\query-generator.js:1655:13)
    at E:\my\my_web\node_server\node_modules\_sequelize@6.19.1@sequelize\lib\dialects\abstract\query-generator.js:1646:25
    at Array.forEach (<anonymous>)
    at MySQLQueryGenerator.whereItemsQuery (E:\my\my_web\node_server\node_modules\_sequelize@6.19.1@sequelize\lib\dialects\abstract\query-generator.js:1644:35)
    at MySQLQueryGenerator.getWhereConditions (E:\my\my_web\node_server\node_modules\_sequelize@6.19.1@sequelize\lib\dialects\abstract\query-generator.js:1987:19)
    at MySQLQueryGenerator.selectQuery (E:\my\my_web\node_server\node_modules\_sequelize@6.19.1@sequelize\lib\dialects\abstract\query-generator.js:932:28)
    at MySQLQueryInterface.select (E:\my\my_web\node_server\node_modules\_sequelize@6.19.1@sequelize\lib\dialects\abstract\query-interface.js:396:59)
    at Function.findAll (E:\my\my_web\node_server\node_modules\_sequelize@6.19.1@sequelize\lib\model.js:1126:47)
name: "unhandledRejectionError"
pid: 22384
hostname: kilig

2022-05-21 15:11:06,081 ERROR 4556 [-/127.0.0.1/-/34ms POST /blog] nodejs.TypeError: Cannot read properties of undefined (reading 'Blog')
    at BlogController.create (E:\my\my_web\node_server\app\controller\blog.js:29:40)
    at Object.callFn (E:\my\my_web\node_server\node_modules\_egg-core@4.23.0@egg-core\lib\utils\index.js:44:21)
    at Object.classControllerMiddleware (E:\my\my_web\node_server\node_modules\_egg-core@4.23.0@egg-core\lib\loader\mixin\controller.js:87:20)
    at Object.callFn (E:\my\my_web\node_server\node_modules\_@eggjs_router@2.0.1@@eggjs\router\lib\utils.js:12:21)
    at wrappedController (E:\my\my_web\node_server\node_modules\_@eggjs_router@2.0.1@@eggjs\router\lib\egg_router.js:322:18)
    at dispatch (E:\my\my_web\node_server\node_modules\_koa-compose@3.2.1@koa-compose\index.js:44:32)
    at next (E:\my\my_web\node_server\node_modules\_koa-compose@3.2.1@koa-compose\index.js:45:18)
    at E:\my\my_web\node_server\node_modules\_@eggjs_router@2.0.1@@eggjs\router\lib\router.js:186:18
    at dispatch (E:\my\my_web\node_server\node_modules\_koa-compose@3.2.1@koa-compose\index.js:44:32)
    at E:\my\my_web\node_server\node_modules\_koa-compose@3.2.1@koa-compose\index.js:36:12
headers: {"Access-Control-Allow-Origin":"*","vary":"Origin"}
pid: 4556
hostname: kilig

2022-05-21 15:17:01,209 ERROR 10020 [-/127.0.0.1/-/37ms POST /blog] nodejs.TypeError: Cannot read properties of undefined (reading 'Blog')
    at BlogController.create (E:\my\my_web\node_server\app\controller\blog.js:29:40)
    at Object.callFn (E:\my\my_web\node_server\node_modules\_egg-core@4.23.0@egg-core\lib\utils\index.js:44:21)
    at Object.classControllerMiddleware (E:\my\my_web\node_server\node_modules\_egg-core@4.23.0@egg-core\lib\loader\mixin\controller.js:87:20)
    at Object.callFn (E:\my\my_web\node_server\node_modules\_@eggjs_router@2.0.1@@eggjs\router\lib\utils.js:12:21)
    at wrappedController (E:\my\my_web\node_server\node_modules\_@eggjs_router@2.0.1@@eggjs\router\lib\egg_router.js:322:18)
    at dispatch (E:\my\my_web\node_server\node_modules\_koa-compose@3.2.1@koa-compose\index.js:44:32)
    at next (E:\my\my_web\node_server\node_modules\_koa-compose@3.2.1@koa-compose\index.js:45:18)
    at E:\my\my_web\node_server\node_modules\_@eggjs_router@2.0.1@@eggjs\router\lib\router.js:186:18
    at dispatch (E:\my\my_web\node_server\node_modules\_koa-compose@3.2.1@koa-compose\index.js:44:32)
    at E:\my\my_web\node_server\node_modules\_koa-compose@3.2.1@koa-compose\index.js:36:12
headers: {"Access-Control-Allow-Origin":"*","vary":"Origin"}
pid: 10020
hostname: kilig

2022-05-21 15:19:35,190 ERROR 18620 [-/127.0.0.1/-/38ms POST /blog] nodejs.TypeError: Cannot read properties of undefined (reading 'Blog')
    at BlogController.create (E:\my\my_web\node_server\app\controller\blog.js:29:40)
    at Object.callFn (E:\my\my_web\node_server\node_modules\_egg-core@4.23.0@egg-core\lib\utils\index.js:44:21)
    at Object.classControllerMiddleware (E:\my\my_web\node_server\node_modules\_egg-core@4.23.0@egg-core\lib\loader\mixin\controller.js:87:20)
    at Object.callFn (E:\my\my_web\node_server\node_modules\_@eggjs_router@2.0.1@@eggjs\router\lib\utils.js:12:21)
    at wrappedController (E:\my\my_web\node_server\node_modules\_@eggjs_router@2.0.1@@eggjs\router\lib\egg_router.js:322:18)
    at dispatch (E:\my\my_web\node_server\node_modules\_koa-compose@3.2.1@koa-compose\index.js:44:32)
    at next (E:\my\my_web\node_server\node_modules\_koa-compose@3.2.1@koa-compose\index.js:45:18)
    at E:\my\my_web\node_server\node_modules\_@eggjs_router@2.0.1@@eggjs\router\lib\router.js:186:18
    at dispatch (E:\my\my_web\node_server\node_modules\_koa-compose@3.2.1@koa-compose\index.js:44:32)
    at E:\my\my_web\node_server\node_modules\_koa-compose@3.2.1@koa-compose\index.js:36:12
headers: {"Access-Control-Allow-Origin":"*","vary":"Origin"}
pid: 18620
hostname: kilig

2022-05-21 15:19:49,183 ERROR 17456 [-/127.0.0.1/-/34ms POST /blog] nodejs.TypeError: Cannot read properties of undefined (reading 'Blog')
    at BlogController.create (E:\my\my_web\node_server\app\controller\blog.js:29:40)
    at Object.callFn (E:\my\my_web\node_server\node_modules\_egg-core@4.23.0@egg-core\lib\utils\index.js:44:21)
    at Object.classControllerMiddleware (E:\my\my_web\node_server\node_modules\_egg-core@4.23.0@egg-core\lib\loader\mixin\controller.js:87:20)
    at Object.callFn (E:\my\my_web\node_server\node_modules\_@eggjs_router@2.0.1@@eggjs\router\lib\utils.js:12:21)
    at wrappedController (E:\my\my_web\node_server\node_modules\_@eggjs_router@2.0.1@@eggjs\router\lib\egg_router.js:322:18)
    at dispatch (E:\my\my_web\node_server\node_modules\_koa-compose@3.2.1@koa-compose\index.js:44:32)
    at next (E:\my\my_web\node_server\node_modules\_koa-compose@3.2.1@koa-compose\index.js:45:18)
    at E:\my\my_web\node_server\node_modules\_@eggjs_router@2.0.1@@eggjs\router\lib\router.js:186:18
    at dispatch (E:\my\my_web\node_server\node_modules\_koa-compose@3.2.1@koa-compose\index.js:44:32)
    at E:\my\my_web\node_server\node_modules\_koa-compose@3.2.1@koa-compose\index.js:36:12
headers: {"Access-Control-Allow-Origin":"*","vary":"Origin"}
pid: 17456
hostname: kilig

2022-05-21 15:20:46,638 ERROR 17456 [-/127.0.0.1/-/3ms POST /blog] nodejs.TypeError: Cannot read properties of undefined (reading 'Blog')
    at BlogController.create (E:\my\my_web\node_server\app\controller\blog.js:29:40)
    at Object.callFn (E:\my\my_web\node_server\node_modules\_egg-core@4.23.0@egg-core\lib\utils\index.js:44:21)
    at Object.classControllerMiddleware (E:\my\my_web\node_server\node_modules\_egg-core@4.23.0@egg-core\lib\loader\mixin\controller.js:87:20)
    at Object.callFn (E:\my\my_web\node_server\node_modules\_@eggjs_router@2.0.1@@eggjs\router\lib\utils.js:12:21)
    at wrappedController (E:\my\my_web\node_server\node_modules\_@eggjs_router@2.0.1@@eggjs\router\lib\egg_router.js:322:18)
    at dispatch (E:\my\my_web\node_server\node_modules\_koa-compose@3.2.1@koa-compose\index.js:44:32)
    at next (E:\my\my_web\node_server\node_modules\_koa-compose@3.2.1@koa-compose\index.js:45:18)
    at E:\my\my_web\node_server\node_modules\_@eggjs_router@2.0.1@@eggjs\router\lib\router.js:186:18
    at dispatch (E:\my\my_web\node_server\node_modules\_koa-compose@3.2.1@koa-compose\index.js:44:32)
    at E:\my\my_web\node_server\node_modules\_koa-compose@3.2.1@koa-compose\index.js:36:12
headers: {"Access-Control-Allow-Origin":"*","vary":"Origin"}
pid: 17456
hostname: kilig

2022-05-21 15:21:00,293 ERROR 9256 [-/127.0.0.1/-/33ms POST /blog] nodejs.TypeError: Cannot read properties of undefined (reading 'blog')
    at BlogController.create (E:\my\my_web\node_server\app\controller\blog.js:29:40)
    at Object.callFn (E:\my\my_web\node_server\node_modules\_egg-core@4.23.0@egg-core\lib\utils\index.js:44:21)
    at Object.classControllerMiddleware (E:\my\my_web\node_server\node_modules\_egg-core@4.23.0@egg-core\lib\loader\mixin\controller.js:87:20)
    at Object.callFn (E:\my\my_web\node_server\node_modules\_@eggjs_router@2.0.1@@eggjs\router\lib\utils.js:12:21)
    at wrappedController (E:\my\my_web\node_server\node_modules\_@eggjs_router@2.0.1@@eggjs\router\lib\egg_router.js:322:18)
    at dispatch (E:\my\my_web\node_server\node_modules\_koa-compose@3.2.1@koa-compose\index.js:44:32)
    at next (E:\my\my_web\node_server\node_modules\_koa-compose@3.2.1@koa-compose\index.js:45:18)
    at E:\my\my_web\node_server\node_modules\_@eggjs_router@2.0.1@@eggjs\router\lib\router.js:186:18
    at dispatch (E:\my\my_web\node_server\node_modules\_koa-compose@3.2.1@koa-compose\index.js:44:32)
    at E:\my\my_web\node_server\node_modules\_koa-compose@3.2.1@koa-compose\index.js:36:12
headers: {"Access-Control-Allow-Origin":"*","vary":"Origin"}
pid: 9256
hostname: kilig

2022-05-21 15:22:30,042 ERROR 9256 nodejs.ServerNoResponseError: server 127.0.0.1:10083 no response in 20009ms, maybe the socket is end on the other side. (address: 127.0.0.1:10083)
    at Timeout._onTimeout (E:\my\my_web\node_server\node_modules\_tcp-base@3.1.0@tcp-base\lib\base.js:427:21)
    at listOnTimeout (node:internal/timers:559:17)
    at processTimers (node:internal/timers:502:7)
name: "ServerNoResponseError"
pid: 9256
hostname: kilig

2022-05-21 15:25:12,888 ERROR 9256 [-/127.0.0.1/-/4ms POST /blog] nodejs.TypeError: Cannot read properties of undefined (reading 'blog')
    at BlogController.create (E:\my\my_web\node_server\app\controller\blog.js:29:40)
    at Object.callFn (E:\my\my_web\node_server\node_modules\_egg-core@4.23.0@egg-core\lib\utils\index.js:44:21)
    at Object.classControllerMiddleware (E:\my\my_web\node_server\node_modules\_egg-core@4.23.0@egg-core\lib\loader\mixin\controller.js:87:20)
    at Object.callFn (E:\my\my_web\node_server\node_modules\_@eggjs_router@2.0.1@@eggjs\router\lib\utils.js:12:21)
    at wrappedController (E:\my\my_web\node_server\node_modules\_@eggjs_router@2.0.1@@eggjs\router\lib\egg_router.js:322:18)
    at dispatch (E:\my\my_web\node_server\node_modules\_koa-compose@3.2.1@koa-compose\index.js:44:32)
    at next (E:\my\my_web\node_server\node_modules\_koa-compose@3.2.1@koa-compose\index.js:45:18)
    at E:\my\my_web\node_server\node_modules\_@eggjs_router@2.0.1@@eggjs\router\lib\router.js:186:18
    at dispatch (E:\my\my_web\node_server\node_modules\_koa-compose@3.2.1@koa-compose\index.js:44:32)
    at E:\my\my_web\node_server\node_modules\_koa-compose@3.2.1@koa-compose\index.js:36:12
headers: {"Access-Control-Allow-Origin":"*","vary":"Origin"}
pid: 9256
hostname: kilig

2022-05-21 15:25:12,895 ERROR 9256 [-/127.0.0.1/-/3ms POST /blog] nodejs.TypeError: Cannot read properties of undefined (reading 'blog')
    at BlogController.create (E:\my\my_web\node_server\app\controller\blog.js:29:40)
    at Object.callFn (E:\my\my_web\node_server\node_modules\_egg-core@4.23.0@egg-core\lib\utils\index.js:44:21)
    at Object.classControllerMiddleware (E:\my\my_web\node_server\node_modules\_egg-core@4.23.0@egg-core\lib\loader\mixin\controller.js:87:20)
    at Object.callFn (E:\my\my_web\node_server\node_modules\_@eggjs_router@2.0.1@@eggjs\router\lib\utils.js:12:21)
    at wrappedController (E:\my\my_web\node_server\node_modules\_@eggjs_router@2.0.1@@eggjs\router\lib\egg_router.js:322:18)
    at dispatch (E:\my\my_web\node_server\node_modules\_koa-compose@3.2.1@koa-compose\index.js:44:32)
    at next (E:\my\my_web\node_server\node_modules\_koa-compose@3.2.1@koa-compose\index.js:45:18)
    at E:\my\my_web\node_server\node_modules\_@eggjs_router@2.0.1@@eggjs\router\lib\router.js:186:18
    at dispatch (E:\my\my_web\node_server\node_modules\_koa-compose@3.2.1@koa-compose\index.js:44:32)
    at E:\my\my_web\node_server\node_modules\_koa-compose@3.2.1@koa-compose\index.js:36:12
headers: {"Access-Control-Allow-Origin":"*","vary":"Origin"}
pid: 9256
hostname: kilig

2022-05-21 15:25:12,869 ERROR 15728 nodejs.ClusterClientNoResponseError: client no response in 202843ms exceeding maxIdleTime 60000ms, maybe the connection is close on other side.
    at Timeout._onTimeout (E:\my\my_web\node_server\node_modules\_cluster-client@3.1.0@cluster-client\lib\leader.js:77:23)
    at listOnTimeout (node:internal/timers:559:17)
    at processTimers (node:internal/timers:502:7)
name: "ClusterClientNoResponseError"
pid: 15728
hostname: kilig

2022-05-22 10:52:56,958 ERROR 18028 [-/127.0.0.1/-/3ms DELETE /blog/3] nodejs.TypeError: this.ctx.service.blog.del is not a function
    at BlogController.destroy (E:\my\my_web\node_server\app\controller\blog.js:13:45)
    at processTicksAndRejections (node:internal/process/task_queues:96:5)
headers: {"Access-Control-Allow-Origin":"*","vary":"Origin"}
pid: 18028
hostname: kilig

2022-05-22 10:56:49,332 ERROR 17168 nodejs.ClusterClientNoResponseError: client no response in 77322ms exceeding maxIdleTime 60000ms, maybe the connection is close on other side.
    at Timeout._onTimeout (E:\my\my_web\node_server\node_modules\_cluster-client@3.1.0@cluster-client\lib\leader.js:77:23)
    at listOnTimeout (node:internal/timers:559:17)
    at processTimers (node:internal/timers:502:7)
name: "ClusterClientNoResponseError"
pid: 17168
hostname: kilig

2022-05-22 10:55:35,896 ERROR 18028 [-/127.0.0.1/-/1ms DELETE /blog/:3] nodejs.TypeError: this.ctx.service.blog.del is not a function
    at BlogController.destroy (E:\my\my_web\node_server\app\controller\blog.js:13:45)
    at processTicksAndRejections (node:internal/process/task_queues:96:5)

pid: 18028
hostname: kilig

2022-05-22 10:58:46,194 ERROR 18028 [-/127.0.0.1/-/1ms DELETE /blog/:3] nodejs.TypeError: this.ctx.service.blog.del is not a function
    at BlogController.destroy (E:\my\my_web\node_server\app\controller\blog.js:13:45)
    at processTicksAndRejections (node:internal/process/task_queues:96:5)

pid: 18028
hostname: kilig

2022-05-22 11:02:45,622 ERROR 17168 nodejs.EPERMError: EPERM: operation not permitted, watch
    at FSEvent.FSWatcher._handle.onchange (node:internal/fs/watchers:204:21)
errno: -4048
syscall: "watch"
code: "EPERM"
filename: null
dir: "E:\\my\\my_web\\node_server\\app\\public\\uploads"
name: "EPERMError"
pid: 17168
hostname: kilig

2022-05-22 12:56:28,129 ERROR 18604 [-/127.0.0.1/-/59ms GET /] nodejs.AssertionError: Can't find pc/home.html from E:\my\my_web\node_server\app\view
    at Map.resolve (E:\my\my_web\node_server\node_modules\_egg-view@2.1.3@egg-view\lib\view_manager.js:74:5)
    at async ContextView.[contextView#render] (E:\my\my_web\node_server\node_modules\_egg-view@2.1.3@egg-view\lib\context_view.js:50:22)
    at async HomeController.index (E:\my\my_web\node_server\app\controller\home.js:11:7)
    at async E:\my\my_web\node_server\node_modules\_egg-development@2.7.0@egg-development\app\middleware\egg_loader_trace.js:9:50
    at async xframe (E:\my\my_web\node_server\node_modules\_egg-security@2.10.1@egg-security\lib\middlewares\xframe.js:7:5)
    at async xssProtection (E:\my\my_web\node_server\node_modules\_egg-security@2.10.1@egg-security\lib\middlewares\xssProtection.js:7:5)
    at async nosniff (E:\my\my_web\node_server\node_modules\_egg-security@2.10.1@egg-security\lib\middlewares\nosniff.js:8:5)
    at async noopen (E:\my\my_web\node_server\node_modules\_egg-security@2.10.1@egg-security\lib\middlewares\noopen.js:8:5)
    at async session (E:\my\my_web\node_server\node_modules\_koa-session@6.2.0@koa-session\index.js:41:7)
    at async bodyParser (E:\my\my_web\node_server\node_modules\_koa-bodyparser@4.3.0@koa-bodyparser\index.js:95:5)
generatedMessage: false
code: "ERR_ASSERTION"
actual: undefined
expected: true
operator: "=="
pid: 18604
hostname: kilig

2022-05-22 13:06:22,513 ERROR 11820 nodejs.unhandledExceptionError: read ECONNRESET
    at TCP.onStreamRead (node:internal/stream_base_commons:217:20)
errno: -4077
code: "ECONNRESET"
syscall: "read"
name: "unhandledExceptionError"
pid: 11820
hostname: kilig

2022-05-22 13:13:28,587 ERROR 16836 [-/127.0.0.1/-/55ms GET /] nodejs.AssertionError: Can't find pc/home.html from E:\my\my_web\node_server\app\view
    at Map.resolve (E:\my\my_web\node_server\node_modules\_egg-view@2.1.3@egg-view\lib\view_manager.js:74:5)
    at async ContextView.[contextView#render] (E:\my\my_web\node_server\node_modules\_egg-view@2.1.3@egg-view\lib\context_view.js:50:22)
    at async HomeController.index (E:\my\my_web\node_server\app\controller\home.js:10:5)
    at async E:\my\my_web\node_server\node_modules\_egg-development@2.7.0@egg-development\app\middleware\egg_loader_trace.js:9:50
    at async xframe (E:\my\my_web\node_server\node_modules\_egg-security@2.10.1@egg-security\lib\middlewares\xframe.js:7:5)
    at async xssProtection (E:\my\my_web\node_server\node_modules\_egg-security@2.10.1@egg-security\lib\middlewares\xssProtection.js:7:5)
    at async nosniff (E:\my\my_web\node_server\node_modules\_egg-security@2.10.1@egg-security\lib\middlewares\nosniff.js:8:5)
    at async noopen (E:\my\my_web\node_server\node_modules\_egg-security@2.10.1@egg-security\lib\middlewares\noopen.js:8:5)
    at async session (E:\my\my_web\node_server\node_modules\_koa-session@6.2.0@koa-session\index.js:41:7)
    at async bodyParser (E:\my\my_web\node_server\node_modules\_koa-bodyparser@4.3.0@koa-bodyparser\index.js:95:5)
generatedMessage: false
code: "ERR_ASSERTION"
actual: undefined
expected: true
operator: "=="
pid: 16836
hostname: kilig

2022-05-22 13:18:29,709 ERROR 11820 nodejs.ClusterClientNoResponseError: client no response in 69645ms exceeding maxIdleTime 60000ms, maybe the connection is close on other side.
    at Timeout._onTimeout (E:\my\my_web\node_server\node_modules\_cluster-client@3.1.0@cluster-client\lib\leader.js:77:23)
    at listOnTimeout (node:internal/timers:559:17)
    at processTimers (node:internal/timers:502:7)
name: "ClusterClientNoResponseError"
pid: 11820
hostname: kilig

2022-05-22 13:25:29,312 ERROR 16836 nodejs.ECONNABORTEDError: write ECONNABORTED (address: 127.0.0.1:10793)
    at afterWriteDispatched (node:internal/stream_base_commons:160:15)
    at writeGeneric (node:internal/stream_base_commons:151:3)
    at Socket._writeGeneric (node:net:817:11)
    at Socket._write (node:net:829:8)
    at writeOrBuffer (node:internal/streams/writable:390:12)
    at _write (node:internal/streams/writable:331:10)
    at Socket.Writable.write (node:internal/streams/writable:335:10)
    at Follower.sendHeartBeat (E:\my\my_web\node_server\node_modules\_tcp-base@3.1.0@tcp-base\lib\base.js:105:18)
    at Timeout._onTimeout (E:\my\my_web\node_server\node_modules\_tcp-base@3.1.0@tcp-base\lib\base.js:437:12)
    at listOnTimeout (node:internal/timers:559:17)
errno: -4079
code: "ECONNABORTED"
syscall: "write"
name: "ECONNABORTEDError"
pid: 16836
hostname: kilig

2022-05-22 13:25:29,358 ERROR 16836 [-/127.0.0.1/-/486045ms GET /] nodejs.Template render error: (E:\my\my_web\node_server\app\view\pc\home.html)
  Error: filter not found: dateformate
  Error: filter not found: dateformate
    at Object._prettifyError (E:\my\my_web\node_server\node_modules\_nunjucks@3.2.3@nunjucks\src\lib.js:36:11)
    at E:\my\my_web\node_server\node_modules\_nunjucks@3.2.3@nunjucks\src\environment.js:563:19
    at eval (eval at _compile (E:\my\my_web\node_server\node_modules\_nunjucks@3.2.3@nunjucks\src\environment.js:633:18), <anonymous>:13:11)
    at b_content (eval at _compile (E:\my\my_web\node_server\node_modules\_nunjucks@3.2.3@nunjucks\src\environment.js:633:18), <anonymous>:145:3)
    at Template.root [as rootRenderFunc] (eval at _compile (E:\my\my_web\node_server\node_modules\_nunjucks@3.2.3@nunjucks\src\environment.js:633:18), <anonymous>:12:86)
    at eval (eval at _compile (E:\my\my_web\node_server\node_modules\_nunjucks@3.2.3@nunjucks\src\environment.js:633:18), <anonymous>:20:16)
    at eval (eval at _compile (E:\my\my_web\node_server\node_modules\_nunjucks@3.2.3@nunjucks\src\environment.js:633:18), <anonymous>:16:46)
    at eval (eval at _compile (E:\my\my_web\node_server\node_modules\_nunjucks@3.2.3@nunjucks\src\environment.js:633:18), <anonymous>:16:86)
    at createTemplate (E:\my\my_web\node_server\node_modules\_nunjucks@3.2.3@nunjucks\src\environment.js:315:9)
    at handle (E:\my\my_web\node_server\node_modules\_nunjucks@3.2.3@nunjucks\src\environment.js:327:11)
name: "Template render error"
pid: 16836
hostname: kilig

2022-05-22 13:25:29,315 ERROR 11820 nodejs.EPERMError: EPERM: operation not permitted, watch
    at FSEvent.FSWatcher._handle.onchange (node:internal/fs/watchers:204:21)
errno: -4048
syscall: "watch"
code: "EPERM"
filename: null
dir: "E:\\my\\my_web\\node_server\\app\\public\\uploads"
name: "EPERMError"
pid: 11820
hostname: kilig

2022-05-22 13:25:29,318 ERROR 11820 nodejs.EPERMError: EPERM: operation not permitted, watch
    at FSEvent.FSWatcher._handle.onchange (node:internal/fs/watchers:204:21)
errno: -4048
syscall: "watch"
code: "EPERM"
filename: null
dir: "E:\\my\\my_web\\node_server\\app\\public"
name: "EPERMError"
pid: 11820
hostname: kilig

2022-05-22 13:27:46,814 ERROR 11820 nodejs.EPERMError: EPERM: operation not permitted, watch
    at FSEvent.FSWatcher._handle.onchange (node:internal/fs/watchers:204:21)
errno: -4048
syscall: "watch"
code: "EPERM"
filename: null
dir: "E:\\my\\my_web\\node_server\\app\\public"
name: "EPERMError"
pid: 11820
hostname: kilig

2022-05-22 13:27:46,847 ERROR 11820 nodejs.EPERMError: EPERM: operation not permitted, watch
    at FSEvent.FSWatcher._handle.onchange (node:internal/fs/watchers:204:21)
errno: -4048
syscall: "watch"
code: "EPERM"
filename: null
dir: "E:\\my\\my_web\\node_server\\app\\public\\img\\phone"
name: "EPERMError"
pid: 11820
hostname: kilig

2022-05-22 13:27:46,849 ERROR 11820 nodejs.EPERMError: EPERM: operation not permitted, watch
    at FSEvent.FSWatcher._handle.onchange (node:internal/fs/watchers:204:21)
errno: -4048
syscall: "watch"
code: "EPERM"
filename: null
dir: "E:\\my\\my_web\\node_server\\app\\public\\css\\phone"
name: "EPERMError"
pid: 11820
hostname: kilig

2022-05-22 13:27:46,851 ERROR 11820 nodejs.EPERMError: EPERM: operation not permitted, watch
    at FSEvent.FSWatcher._handle.onchange (node:internal/fs/watchers:204:21)
errno: -4048
syscall: "watch"
code: "EPERM"
filename: null
dir: "E:\\my\\my_web\\node_server\\app\\public\\css"
name: "EPERMError"
pid: 11820
hostname: kilig

2022-05-22 13:27:46,853 ERROR 11820 nodejs.EPERMError: EPERM: operation not permitted, watch
    at FSEvent.FSWatcher._handle.onchange (node:internal/fs/watchers:204:21)
errno: -4048
syscall: "watch"
code: "EPERM"
filename: null
dir: "E:\\my\\my_web\\node_server\\app\\public\\css\\pc"
name: "EPERMError"
pid: 11820
hostname: kilig

2022-05-22 13:27:46,855 ERROR 11820 nodejs.EPERMError: EPERM: operation not permitted, watch
    at FSEvent.FSWatcher._handle.onchange (node:internal/fs/watchers:204:21)
errno: -4048
syscall: "watch"
code: "EPERM"
filename: null
dir: "E:\\my\\my_web\\node_server\\app\\public\\js\\pc"
name: "EPERMError"
pid: 11820
hostname: kilig

2022-05-22 13:27:46,858 ERROR 11820 nodejs.EPERMError: EPERM: operation not permitted, watch
    at FSEvent.FSWatcher._handle.onchange (node:internal/fs/watchers:204:21)
errno: -4048
syscall: "watch"
code: "EPERM"
filename: null
dir: "E:\\my\\my_web\\node_server\\app\\public\\img\\pc"
name: "EPERMError"
pid: 11820
hostname: kilig

2022-05-22 13:27:46,862 ERROR 11820 nodejs.EPERMError: EPERM: operation not permitted, watch
    at FSEvent.FSWatcher._handle.onchange (node:internal/fs/watchers:204:21)
errno: -4048
syscall: "watch"
code: "EPERM"
filename: null
dir: "E:\\my\\my_web\\node_server\\app\\public\\js"
name: "EPERMError"
pid: 11820
hostname: kilig

2022-05-22 13:31:47,372 ERROR 20072 [-/127.0.0.1/-/93ms GET /] nodejs.Template render error: (E:\my\my_web\node_server\app\view\pc\home.html)
  Error: filter not found: dateformate
  Error: filter not found: dateformate
    at Object._prettifyError (E:\my\my_web\node_server\node_modules\_nunjucks@3.2.3@nunjucks\src\lib.js:36:11)
    at E:\my\my_web\node_server\node_modules\_nunjucks@3.2.3@nunjucks\src\environment.js:563:19
    at eval (eval at _compile (E:\my\my_web\node_server\node_modules\_nunjucks@3.2.3@nunjucks\src\environment.js:633:18), <anonymous>:13:11)
    at b_content (eval at _compile (E:\my\my_web\node_server\node_modules\_nunjucks@3.2.3@nunjucks\src\environment.js:633:18), <anonymous>:145:3)
    at Template.root [as rootRenderFunc] (eval at _compile (E:\my\my_web\node_server\node_modules\_nunjucks@3.2.3@nunjucks\src\environment.js:633:18), <anonymous>:12:86)
    at eval (eval at _compile (E:\my\my_web\node_server\node_modules\_nunjucks@3.2.3@nunjucks\src\environment.js:633:18), <anonymous>:20:16)
    at eval (eval at _compile (E:\my\my_web\node_server\node_modules\_nunjucks@3.2.3@nunjucks\src\environment.js:633:18), <anonymous>:16:46)
    at eval (eval at _compile (E:\my\my_web\node_server\node_modules\_nunjucks@3.2.3@nunjucks\src\environment.js:633:18), <anonymous>:16:86)
    at createTemplate (E:\my\my_web\node_server\node_modules\_nunjucks@3.2.3@nunjucks\src\environment.js:315:9)
    at handle (E:\my\my_web\node_server\node_modules\_nunjucks@3.2.3@nunjucks\src\environment.js:327:11)
name: "Template render error"
pid: 20072
hostname: kilig

2022-05-22 13:36:55,421 ERROR 20072 [-/127.0.0.1/-/3934ms GET /] nodejs.Template render error: (E:\my\my_web\node_server\app\view\pc\home.html)
  Error: filter not found: dateformate
  Error: filter not found: dateformate
    at Object._prettifyError (E:\my\my_web\node_server\node_modules\_nunjucks@3.2.3@nunjucks\src\lib.js:36:11)
    at E:\my\my_web\node_server\node_modules\_nunjucks@3.2.3@nunjucks\src\environment.js:563:19
    at eval (eval at _compile (E:\my\my_web\node_server\node_modules\_nunjucks@3.2.3@nunjucks\src\environment.js:633:18), <anonymous>:13:11)
    at b_content (eval at _compile (E:\my\my_web\node_server\node_modules\_nunjucks@3.2.3@nunjucks\src\environment.js:633:18), <anonymous>:145:3)
    at Template.root [as rootRenderFunc] (eval at _compile (E:\my\my_web\node_server\node_modules\_nunjucks@3.2.3@nunjucks\src\environment.js:633:18), <anonymous>:12:86)
    at eval (eval at _compile (E:\my\my_web\node_server\node_modules\_nunjucks@3.2.3@nunjucks\src\environment.js:633:18), <anonymous>:20:16)
    at eval (eval at _compile (E:\my\my_web\node_server\node_modules\_nunjucks@3.2.3@nunjucks\src\environment.js:633:18), <anonymous>:16:46)
    at eval (eval at _compile (E:\my\my_web\node_server\node_modules\_nunjucks@3.2.3@nunjucks\src\environment.js:633:18), <anonymous>:16:86)
    at createTemplate (E:\my\my_web\node_server\node_modules\_nunjucks@3.2.3@nunjucks\src\environment.js:315:9)
    at handle (E:\my\my_web\node_server\node_modules\_nunjucks@3.2.3@nunjucks\src\environment.js:327:11)
name: "Template render error"
pid: 20072
hostname: kilig

