2022-05-17 21:06:06,300 INFO 16680 [egg-schedule]: register schedule E:\my\my_web\node_server\node_modules\_egg-multipart@2.13.1@egg-multipart\app\schedule\clean_tmpdir.js
2022-05-17 21:06:06,300 INFO 16680 [egg-schedule]: register schedule E:\my\my_web\node_server\node_modules\_egg-logrotator@3.1.0@egg-logrotator\app\schedule\clean_log.js
2022-05-17 21:06:06,300 INFO 16680 [egg-schedule]: register schedule E:\my\my_web\node_server\node_modules\_egg-logrotator@3.1.0@egg-logrotator\app\schedule\rotate_by_file.js
2022-05-17 21:06:07,982 INFO 18484 [Timer] E:\my\my_web\node_server\node_modules\_egg-multipart@2.13.1@egg-multipart\app\schedule\clean_tmpdir.js next time will execute after 26632024ms at 2022-05-18 04:30:00.006
2022-05-17 21:06:07,983 INFO 18484 [Timer] E:\my\my_web\node_server\node_modules\_egg-logrotator@3.1.0@egg-logrotator\app\schedule\clean_log.js next time will execute after 10432017ms at 2022-05-18 00:00:00.000
2022-05-17 21:06:07,984 INFO 18484 [Timer] E:\my\my_web\node_server\node_modules\_egg-logrotator@3.1.0@egg-logrotator\app\schedule\rotate_by_file.js next time will execute after 10433017ms at 2022-05-18 00:00:01.001
2022-05-17 21:06:42,214 INFO 4492 [egg-schedule]: register schedule E:\my\my_web\node_server\node_modules\_egg-multipart@2.13.1@egg-multipart\app\schedule\clean_tmpdir.js
2022-05-17 21:06:42,214 INFO 4492 [egg-schedule]: register schedule E:\my\my_web\node_server\node_modules\_egg-logrotator@3.1.0@egg-logrotator\app\schedule\clean_log.js
2022-05-17 21:06:42,214 INFO 4492 [egg-schedule]: register schedule E:\my\my_web\node_server\node_modules\_egg-logrotator@3.1.0@egg-logrotator\app\schedule\rotate_by_file.js
2022-05-18 14:43:41,728 INFO 15568 [egg-schedule]: register schedule E:\my\my_web\node_server\node_modules\_egg-multipart@2.13.1@egg-multipart\app\schedule\clean_tmpdir.js
2022-05-18 14:43:41,728 INFO 15568 [egg-schedule]: register schedule E:\my\my_web\node_server\node_modules\_egg-logrotator@3.1.0@egg-logrotator\app\schedule\clean_log.js
2022-05-18 14:43:41,729 INFO 15568 [egg-schedule]: register schedule E:\my\my_web\node_server\node_modules\_egg-logrotator@3.1.0@egg-logrotator\app\schedule\rotate_by_file.js
2022-05-18 14:43:43,409 INFO 18048 [Timer] E:\my\my_web\node_server\node_modules\_egg-multipart@2.13.1@egg-multipart\app\schedule\clean_tmpdir.js next time will execute after 49576598ms at 2022-05-19 04:30:00.007
2022-05-18 14:43:43,410 INFO 18048 [Timer] E:\my\my_web\node_server\node_modules\_egg-logrotator@3.1.0@egg-logrotator\app\schedule\clean_log.js next time will execute after 33376591ms at 2022-05-19 00:00:00.001
2022-05-18 14:43:43,410 INFO 18048 [Timer] E:\my\my_web\node_server\node_modules\_egg-logrotator@3.1.0@egg-logrotator\app\schedule\rotate_by_file.js next time will execute after 33377590ms at 2022-05-19 00:00:01.000
2022-05-18 14:53:18,232 INFO 16896 [egg-schedule]: register schedule E:\my\my_web\node_server\node_modules\_egg-multipart@2.13.1@egg-multipart\app\schedule\clean_tmpdir.js
2022-05-18 14:53:18,232 INFO 16896 [egg-schedule]: register schedule E:\my\my_web\node_server\node_modules\_egg-logrotator@3.1.0@egg-logrotator\app\schedule\clean_log.js
2022-05-18 14:53:18,232 INFO 16896 [egg-schedule]: register schedule E:\my\my_web\node_server\node_modules\_egg-logrotator@3.1.0@egg-logrotator\app\schedule\rotate_by_file.js
2022-05-18 14:53:49,984 INFO 16640 [egg-schedule]: register schedule E:\my\my_web\node_server\node_modules\_egg-multipart@2.13.1@egg-multipart\app\schedule\clean_tmpdir.js
2022-05-18 14:53:49,984 INFO 16640 [egg-schedule]: register schedule E:\my\my_web\node_server\node_modules\_egg-logrotator@3.1.0@egg-logrotator\app\schedule\clean_log.js
2022-05-18 14:53:49,984 INFO 16640 [egg-schedule]: register schedule E:\my\my_web\node_server\node_modules\_egg-logrotator@3.1.0@egg-logrotator\app\schedule\rotate_by_file.js
2022-05-18 20:30:08,165 INFO 6616 [egg-schedule]: register schedule E:\my\my_web\node_server\node_modules\_egg-multipart@2.13.1@egg-multipart\app\schedule\clean_tmpdir.js
2022-05-18 20:30:08,165 INFO 6616 [egg-schedule]: register schedule E:\my\my_web\node_server\node_modules\_egg-logrotator@3.1.0@egg-logrotator\app\schedule\clean_log.js
2022-05-18 20:30:08,166 INFO 6616 [egg-schedule]: register schedule E:\my\my_web\node_server\node_modules\_egg-logrotator@3.1.0@egg-logrotator\app\schedule\rotate_by_file.js
2022-05-18 20:30:15,499 INFO 7740 [egg-schedule]: register schedule E:\my\my_web\node_server\node_modules\_egg-multipart@2.13.1@egg-multipart\app\schedule\clean_tmpdir.js
2022-05-18 20:30:15,499 INFO 7740 [egg-schedule]: register schedule E:\my\my_web\node_server\node_modules\_egg-logrotator@3.1.0@egg-logrotator\app\schedule\clean_log.js
2022-05-18 20:30:15,499 INFO 7740 [egg-schedule]: register schedule E:\my\my_web\node_server\node_modules\_egg-logrotator@3.1.0@egg-logrotator\app\schedule\rotate_by_file.js
2022-05-18 20:49:51,929 INFO 22384 [egg-schedule]: register schedule E:\my\my_web\node_server\node_modules\_egg-multipart@2.13.1@egg-multipart\app\schedule\clean_tmpdir.js
2022-05-18 20:49:51,929 INFO 22384 [egg-schedule]: register schedule E:\my\my_web\node_server\node_modules\_egg-logrotator@3.1.0@egg-logrotator\app\schedule\clean_log.js
2022-05-18 20:49:51,930 INFO 22384 [egg-schedule]: register schedule E:\my\my_web\node_server\node_modules\_egg-logrotator@3.1.0@egg-logrotator\app\schedule\rotate_by_file.js
2022-05-19 16:04:54,035 INFO 18012 [egg-schedule]: register schedule E:\my\my_web\node_server\node_modules\_egg-multipart@2.13.1@egg-multipart\app\schedule\clean_tmpdir.js
2022-05-19 16:04:54,035 INFO 18012 [egg-schedule]: register schedule E:\my\my_web\node_server\node_modules\_egg-logrotator@3.1.0@egg-logrotator\app\schedule\clean_log.js
2022-05-19 16:04:54,036 INFO 18012 [egg-schedule]: register schedule E:\my\my_web\node_server\node_modules\_egg-logrotator@3.1.0@egg-logrotator\app\schedule\rotate_by_file.js
2022-05-19 16:04:55,979 INFO 17804 [Timer] E:\my\my_web\node_server\node_modules\_egg-multipart@2.13.1@egg-multipart\app\schedule\clean_tmpdir.js next time will execute after 44704028ms at 2022-05-20 04:30:00.007
2022-05-19 16:04:55,980 INFO 17804 [Timer] E:\my\my_web\node_server\node_modules\_egg-logrotator@3.1.0@egg-logrotator\app\schedule\clean_log.js next time will execute after 28504021ms at 2022-05-20 00:00:00.001
2022-05-19 16:04:55,981 INFO 17804 [Timer] E:\my\my_web\node_server\node_modules\_egg-logrotator@3.1.0@egg-logrotator\app\schedule\rotate_by_file.js next time will execute after 28505020ms at 2022-05-20 00:00:01.001
2022-05-19 16:13:07,348 INFO 15560 [egg-schedule]: register schedule E:\my\my_web\node_server\node_modules\_egg-multipart@2.13.1@egg-multipart\app\schedule\clean_tmpdir.js
2022-05-19 16:13:07,348 INFO 15560 [egg-schedule]: register schedule E:\my\my_web\node_server\node_modules\_egg-logrotator@3.1.0@egg-logrotator\app\schedule\clean_log.js
2022-05-19 16:13:07,348 INFO 15560 [egg-schedule]: register schedule E:\my\my_web\node_server\node_modules\_egg-logrotator@3.1.0@egg-logrotator\app\schedule\rotate_by_file.js
2022-05-19 16:13:08,991 INFO 18324 [Timer] E:\my\my_web\node_server\node_modules\_egg-multipart@2.13.1@egg-multipart\app\schedule\clean_tmpdir.js next time will execute after 44211015ms at 2022-05-20 04:30:00.006
2022-05-19 16:13:08,992 INFO 18324 [Timer] E:\my\my_web\node_server\node_modules\_egg-logrotator@3.1.0@egg-logrotator\app\schedule\clean_log.js next time will execute after 28011008ms at 2022-05-20 00:00:00.000
2022-05-19 16:13:08,993 INFO 18324 [Timer] E:\my\my_web\node_server\node_modules\_egg-logrotator@3.1.0@egg-logrotator\app\schedule\rotate_by_file.js next time will execute after 28012008ms at 2022-05-20 00:00:01.001
2022-05-20 15:31:48,869 INFO 12568 [egg-schedule]: register schedule E:\my\my_web\node_server\node_modules\_egg-multipart@2.13.1@egg-multipart\app\schedule\clean_tmpdir.js
2022-05-20 15:31:48,869 INFO 12568 [egg-schedule]: register schedule E:\my\my_web\node_server\node_modules\_egg-logrotator@3.1.0@egg-logrotator\app\schedule\clean_log.js
2022-05-20 15:31:48,870 INFO 12568 [egg-schedule]: register schedule E:\my\my_web\node_server\node_modules\_egg-logrotator@3.1.0@egg-logrotator\app\schedule\rotate_by_file.js
2022-05-20 15:31:50,654 INFO 14468 [Timer] E:\my\my_web\node_server\node_modules\_egg-multipart@2.13.1@egg-multipart\app\schedule\clean_tmpdir.js next time will execute after 46689352ms at 2022-05-21 04:30:00.006
2022-05-20 15:31:50,655 INFO 14468 [Timer] E:\my\my_web\node_server\node_modules\_egg-logrotator@3.1.0@egg-logrotator\app\schedule\clean_log.js next time will execute after 30489346ms at 2022-05-21 00:00:00.001
2022-05-20 15:31:50,656 INFO 14468 [Timer] E:\my\my_web\node_server\node_modules\_egg-logrotator@3.1.0@egg-logrotator\app\schedule\rotate_by_file.js next time will execute after 30490345ms at 2022-05-21 00:00:01.000
2022-05-20 15:41:06,974 INFO 4792 [egg-schedule]: register schedule E:\my\my_web\node_server\node_modules\_egg-multipart@2.13.1@egg-multipart\app\schedule\clean_tmpdir.js
2022-05-20 15:41:06,974 INFO 4792 [egg-schedule]: register schedule E:\my\my_web\node_server\node_modules\_egg-logrotator@3.1.0@egg-logrotator\app\schedule\clean_log.js
2022-05-20 15:41:06,974 INFO 4792 [egg-schedule]: register schedule E:\my\my_web\node_server\node_modules\_egg-logrotator@3.1.0@egg-logrotator\app\schedule\rotate_by_file.js
2022-05-20 15:41:13,042 INFO 18944 [egg-schedule]: register schedule E:\my\my_web\node_server\node_modules\_egg-multipart@2.13.1@egg-multipart\app\schedule\clean_tmpdir.js
2022-05-20 15:41:13,042 INFO 18944 [egg-schedule]: register schedule E:\my\my_web\node_server\node_modules\_egg-logrotator@3.1.0@egg-logrotator\app\schedule\clean_log.js
2022-05-20 15:41:13,043 INFO 18944 [egg-schedule]: register schedule E:\my\my_web\node_server\node_modules\_egg-logrotator@3.1.0@egg-logrotator\app\schedule\rotate_by_file.js
2022-05-20 15:41:42,882 INFO 4124 [egg-schedule]: register schedule E:\my\my_web\node_server\node_modules\_egg-multipart@2.13.1@egg-multipart\app\schedule\clean_tmpdir.js
2022-05-20 15:41:42,882 INFO 4124 [egg-schedule]: register schedule E:\my\my_web\node_server\node_modules\_egg-logrotator@3.1.0@egg-logrotator\app\schedule\clean_log.js
2022-05-20 15:41:42,882 INFO 4124 [egg-schedule]: register schedule E:\my\my_web\node_server\node_modules\_egg-logrotator@3.1.0@egg-logrotator\app\schedule\rotate_by_file.js
2022-05-20 15:43:16,478 INFO 18860 [egg-schedule]: register schedule E:\my\my_web\node_server\node_modules\_egg-multipart@2.13.1@egg-multipart\app\schedule\clean_tmpdir.js
2022-05-20 15:43:16,478 INFO 18860 [egg-schedule]: register schedule E:\my\my_web\node_server\node_modules\_egg-logrotator@3.1.0@egg-logrotator\app\schedule\clean_log.js
2022-05-20 15:43:16,479 INFO 18860 [egg-schedule]: register schedule E:\my\my_web\node_server\node_modules\_egg-logrotator@3.1.0@egg-logrotator\app\schedule\rotate_by_file.js
2022-05-20 15:49:19,047 INFO 2408 [egg-schedule]: register schedule E:\my\my_web\node_server\node_modules\_egg-multipart@2.13.1@egg-multipart\app\schedule\clean_tmpdir.js
2022-05-20 15:49:19,047 INFO 2408 [egg-schedule]: register schedule E:\my\my_web\node_server\node_modules\_egg-logrotator@3.1.0@egg-logrotator\app\schedule\clean_log.js
2022-05-20 15:49:19,047 INFO 2408 [egg-schedule]: register schedule E:\my\my_web\node_server\node_modules\_egg-logrotator@3.1.0@egg-logrotator\app\schedule\rotate_by_file.js
2022-05-20 15:49:20,698 INFO 12488 [Timer] E:\my\my_web\node_server\node_modules\_egg-multipart@2.13.1@egg-multipart\app\schedule\clean_tmpdir.js next time will execute after 45639308ms at 2022-05-21 04:30:00.006
2022-05-20 15:49:20,699 INFO 12488 [Timer] E:\my\my_web\node_server\node_modules\_egg-logrotator@3.1.0@egg-logrotator\app\schedule\clean_log.js next time will execute after 29439302ms at 2022-05-21 00:00:00.001
2022-05-20 15:49:20,700 INFO 12488 [Timer] E:\my\my_web\node_server\node_modules\_egg-logrotator@3.1.0@egg-logrotator\app\schedule\rotate_by_file.js next time will execute after 29440301ms at 2022-05-21 00:00:01.000
2022-05-20 15:55:09,030 INFO 18728 [egg-schedule]: register schedule E:\my\my_web\node_server\node_modules\_egg-multipart@2.13.1@egg-multipart\app\schedule\clean_tmpdir.js
2022-05-20 15:55:09,030 INFO 18728 [egg-schedule]: register schedule E:\my\my_web\node_server\node_modules\_egg-logrotator@3.1.0@egg-logrotator\app\schedule\clean_log.js
2022-05-20 15:55:09,031 INFO 18728 [egg-schedule]: register schedule E:\my\my_web\node_server\node_modules\_egg-logrotator@3.1.0@egg-logrotator\app\schedule\rotate_by_file.js
2022-05-20 16:07:12,679 INFO 1492 [egg-schedule]: register schedule E:\my\my_web\node_server\node_modules\_egg-multipart@2.13.1@egg-multipart\app\schedule\clean_tmpdir.js
2022-05-20 16:07:12,679 INFO 1492 [egg-schedule]: register schedule E:\my\my_web\node_server\node_modules\_egg-logrotator@3.1.0@egg-logrotator\app\schedule\clean_log.js
2022-05-20 16:07:12,680 INFO 1492 [egg-schedule]: register schedule E:\my\my_web\node_server\node_modules\_egg-logrotator@3.1.0@egg-logrotator\app\schedule\rotate_by_file.js
2022-05-20 19:31:14,925 INFO 20228 [egg-schedule]: register schedule E:\my\my_web\node_server\node_modules\_egg-multipart@2.13.1@egg-multipart\app\schedule\clean_tmpdir.js
2022-05-20 19:31:14,926 INFO 20228 [egg-schedule]: register schedule E:\my\my_web\node_server\node_modules\_egg-logrotator@3.1.0@egg-logrotator\app\schedule\clean_log.js
2022-05-20 19:31:14,926 INFO 20228 [egg-schedule]: register schedule E:\my\my_web\node_server\node_modules\_egg-logrotator@3.1.0@egg-logrotator\app\schedule\rotate_by_file.js
2022-05-20 19:31:21,258 INFO 19360 [egg-schedule]: register schedule E:\my\my_web\node_server\node_modules\_egg-multipart@2.13.1@egg-multipart\app\schedule\clean_tmpdir.js
2022-05-20 19:31:21,258 INFO 19360 [egg-schedule]: register schedule E:\my\my_web\node_server\node_modules\_egg-logrotator@3.1.0@egg-logrotator\app\schedule\clean_log.js
2022-05-20 19:31:21,258 INFO 19360 [egg-schedule]: register schedule E:\my\my_web\node_server\node_modules\_egg-logrotator@3.1.0@egg-logrotator\app\schedule\rotate_by_file.js
2022-05-20 19:39:22,113 INFO 14200 [egg-schedule]: register schedule E:\my\my_web\node_server\node_modules\_egg-multipart@2.13.1@egg-multipart\app\schedule\clean_tmpdir.js
2022-05-20 19:39:22,113 INFO 14200 [egg-schedule]: register schedule E:\my\my_web\node_server\node_modules\_egg-logrotator@3.1.0@egg-logrotator\app\schedule\clean_log.js
2022-05-20 19:39:22,114 INFO 14200 [egg-schedule]: register schedule E:\my\my_web\node_server\node_modules\_egg-logrotator@3.1.0@egg-logrotator\app\schedule\rotate_by_file.js
2022-05-20 19:41:51,755 INFO 13200 [egg-schedule]: register schedule E:\my\my_web\node_server\node_modules\_egg-multipart@2.13.1@egg-multipart\app\schedule\clean_tmpdir.js
2022-05-20 19:41:51,755 INFO 13200 [egg-schedule]: register schedule E:\my\my_web\node_server\node_modules\_egg-logrotator@3.1.0@egg-logrotator\app\schedule\clean_log.js
2022-05-20 19:41:51,756 INFO 13200 [egg-schedule]: register schedule E:\my\my_web\node_server\node_modules\_egg-logrotator@3.1.0@egg-logrotator\app\schedule\rotate_by_file.js
2022-05-20 19:42:04,065 INFO 8172 [egg-schedule]: register schedule E:\my\my_web\node_server\node_modules\_egg-multipart@2.13.1@egg-multipart\app\schedule\clean_tmpdir.js
2022-05-20 19:42:04,065 INFO 8172 [egg-schedule]: register schedule E:\my\my_web\node_server\node_modules\_egg-logrotator@3.1.0@egg-logrotator\app\schedule\clean_log.js
2022-05-20 19:42:04,066 INFO 8172 [egg-schedule]: register schedule E:\my\my_web\node_server\node_modules\_egg-logrotator@3.1.0@egg-logrotator\app\schedule\rotate_by_file.js
2022-05-20 19:43:40,685 INFO 12164 [egg-schedule]: register schedule E:\my\my_web\node_server\node_modules\_egg-multipart@2.13.1@egg-multipart\app\schedule\clean_tmpdir.js
2022-05-20 19:43:40,685 INFO 12164 [egg-schedule]: register schedule E:\my\my_web\node_server\node_modules\_egg-logrotator@3.1.0@egg-logrotator\app\schedule\clean_log.js
2022-05-20 19:43:40,685 INFO 12164 [egg-schedule]: register schedule E:\my\my_web\node_server\node_modules\_egg-logrotator@3.1.0@egg-logrotator\app\schedule\rotate_by_file.js
2022-05-20 19:44:33,623 INFO 19284 [egg-schedule]: register schedule E:\my\my_web\node_server\node_modules\_egg-multipart@2.13.1@egg-multipart\app\schedule\clean_tmpdir.js
2022-05-20 19:44:33,623 INFO 19284 [egg-schedule]: register schedule E:\my\my_web\node_server\node_modules\_egg-logrotator@3.1.0@egg-logrotator\app\schedule\clean_log.js
2022-05-20 19:44:33,624 INFO 19284 [egg-schedule]: register schedule E:\my\my_web\node_server\node_modules\_egg-logrotator@3.1.0@egg-logrotator\app\schedule\rotate_by_file.js
2022-05-20 19:45:12,363 INFO 19008 [egg-schedule]: register schedule E:\my\my_web\node_server\node_modules\_egg-multipart@2.13.1@egg-multipart\app\schedule\clean_tmpdir.js
2022-05-20 19:45:12,363 INFO 19008 [egg-schedule]: register schedule E:\my\my_web\node_server\node_modules\_egg-logrotator@3.1.0@egg-logrotator\app\schedule\clean_log.js
2022-05-20 19:45:12,364 INFO 19008 [egg-schedule]: register schedule E:\my\my_web\node_server\node_modules\_egg-logrotator@3.1.0@egg-logrotator\app\schedule\rotate_by_file.js
2022-05-20 19:46:37,889 INFO 20252 [egg-schedule]: register schedule E:\my\my_web\node_server\node_modules\_egg-multipart@2.13.1@egg-multipart\app\schedule\clean_tmpdir.js
2022-05-20 19:46:37,889 INFO 20252 [egg-schedule]: register schedule E:\my\my_web\node_server\node_modules\_egg-logrotator@3.1.0@egg-logrotator\app\schedule\clean_log.js
2022-05-20 19:46:37,889 INFO 20252 [egg-schedule]: register schedule E:\my\my_web\node_server\node_modules\_egg-logrotator@3.1.0@egg-logrotator\app\schedule\rotate_by_file.js
2022-05-20 19:46:43,933 INFO 6948 [egg-schedule]: register schedule E:\my\my_web\node_server\node_modules\_egg-multipart@2.13.1@egg-multipart\app\schedule\clean_tmpdir.js
2022-05-20 19:46:43,934 INFO 6948 [egg-schedule]: register schedule E:\my\my_web\node_server\node_modules\_egg-logrotator@3.1.0@egg-logrotator\app\schedule\clean_log.js
2022-05-20 19:46:43,934 INFO 6948 [egg-schedule]: register schedule E:\my\my_web\node_server\node_modules\_egg-logrotator@3.1.0@egg-logrotator\app\schedule\rotate_by_file.js
2022-05-21 09:55:35,677 INFO 14324 [egg-schedule]: register schedule E:\my\my_web\node_server\node_modules\_egg-multipart@2.13.1@egg-multipart\app\schedule\clean_tmpdir.js
2022-05-21 09:55:35,677 INFO 14324 [egg-schedule]: register schedule E:\my\my_web\node_server\node_modules\_egg-logrotator@3.1.0@egg-logrotator\app\schedule\clean_log.js
2022-05-21 09:55:35,678 INFO 14324 [egg-schedule]: register schedule E:\my\my_web\node_server\node_modules\_egg-logrotator@3.1.0@egg-logrotator\app\schedule\rotate_by_file.js
2022-05-21 09:55:39,053 INFO 12828 [Timer] E:\my\my_web\node_server\node_modules\_egg-multipart@2.13.1@egg-multipart\app\schedule\clean_tmpdir.js next time will execute after 66860958ms at 2022-05-22 04:30:00.011
2022-05-21 09:55:39,054 INFO 12828 [Timer] E:\my\my_web\node_server\node_modules\_egg-logrotator@3.1.0@egg-logrotator\app\schedule\clean_log.js next time will execute after 50660947ms at 2022-05-22 00:00:00.001
2022-05-21 09:55:39,055 INFO 12828 [Timer] E:\my\my_web\node_server\node_modules\_egg-logrotator@3.1.0@egg-logrotator\app\schedule\rotate_by_file.js next time will execute after 50661946ms at 2022-05-22 00:00:01.001
2022-05-21 14:15:45,776 INFO 18288 [egg-schedule]: register schedule E:\my\my_web\node_server\node_modules\_egg-multipart@2.13.1@egg-multipart\app\schedule\clean_tmpdir.js
2022-05-21 14:15:45,776 INFO 18288 [egg-schedule]: register schedule E:\my\my_web\node_server\node_modules\_egg-logrotator@3.1.0@egg-logrotator\app\schedule\clean_log.js
2022-05-21 14:15:45,776 INFO 18288 [egg-schedule]: register schedule E:\my\my_web\node_server\node_modules\_egg-logrotator@3.1.0@egg-logrotator\app\schedule\rotate_by_file.js
2022-05-21 14:15:51,911 INFO 3052 [egg-schedule]: register schedule E:\my\my_web\node_server\node_modules\_egg-multipart@2.13.1@egg-multipart\app\schedule\clean_tmpdir.js
2022-05-21 14:15:51,912 INFO 3052 [egg-schedule]: register schedule E:\my\my_web\node_server\node_modules\_egg-logrotator@3.1.0@egg-logrotator\app\schedule\clean_log.js
2022-05-21 14:15:51,912 INFO 3052 [egg-schedule]: register schedule E:\my\my_web\node_server\node_modules\_egg-logrotator@3.1.0@egg-logrotator\app\schedule\rotate_by_file.js
2022-05-21 14:15:57,620 INFO 11228 [egg-schedule]: register schedule E:\my\my_web\node_server\node_modules\_egg-multipart@2.13.1@egg-multipart\app\schedule\clean_tmpdir.js
2022-05-21 14:15:57,620 INFO 11228 [egg-schedule]: register schedule E:\my\my_web\node_server\node_modules\_egg-logrotator@3.1.0@egg-logrotator\app\schedule\clean_log.js
2022-05-21 14:15:57,621 INFO 11228 [egg-schedule]: register schedule E:\my\my_web\node_server\node_modules\_egg-logrotator@3.1.0@egg-logrotator\app\schedule\rotate_by_file.js
2022-05-21 14:17:48,812 INFO 20296 [egg-schedule]: register schedule E:\my\my_web\node_server\node_modules\_egg-multipart@2.13.1@egg-multipart\app\schedule\clean_tmpdir.js
2022-05-21 14:17:48,812 INFO 20296 [egg-schedule]: register schedule E:\my\my_web\node_server\node_modules\_egg-logrotator@3.1.0@egg-logrotator\app\schedule\clean_log.js
2022-05-21 14:17:48,812 INFO 20296 [egg-schedule]: register schedule E:\my\my_web\node_server\node_modules\_egg-logrotator@3.1.0@egg-logrotator\app\schedule\rotate_by_file.js
2022-05-21 14:17:56,733 INFO 19956 [egg-schedule]: register schedule E:\my\my_web\node_server\node_modules\_egg-multipart@2.13.1@egg-multipart\app\schedule\clean_tmpdir.js
2022-05-21 14:17:56,733 INFO 19956 [egg-schedule]: register schedule E:\my\my_web\node_server\node_modules\_egg-logrotator@3.1.0@egg-logrotator\app\schedule\clean_log.js
2022-05-21 14:17:56,733 INFO 19956 [egg-schedule]: register schedule E:\my\my_web\node_server\node_modules\_egg-logrotator@3.1.0@egg-logrotator\app\schedule\rotate_by_file.js
2022-05-21 14:26:52,137 INFO 4244 [egg-schedule]: register schedule E:\my\my_web\node_server\node_modules\_egg-multipart@2.13.1@egg-multipart\app\schedule\clean_tmpdir.js
2022-05-21 14:26:52,138 INFO 4244 [egg-schedule]: register schedule E:\my\my_web\node_server\node_modules\_egg-logrotator@3.1.0@egg-logrotator\app\schedule\clean_log.js
2022-05-21 14:26:52,138 INFO 4244 [egg-schedule]: register schedule E:\my\my_web\node_server\node_modules\_egg-logrotator@3.1.0@egg-logrotator\app\schedule\rotate_by_file.js
2022-05-21 14:26:53,815 INFO 15728 [Timer] E:\my\my_web\node_server\node_modules\_egg-multipart@2.13.1@egg-multipart\app\schedule\clean_tmpdir.js next time will execute after 50586192ms at 2022-05-22 04:30:00.007
2022-05-21 14:26:53,816 INFO 15728 [Timer] E:\my\my_web\node_server\node_modules\_egg-logrotator@3.1.0@egg-logrotator\app\schedule\clean_log.js next time will execute after 34386185ms at 2022-05-22 00:00:00.001
2022-05-21 14:26:53,816 INFO 15728 [Timer] E:\my\my_web\node_server\node_modules\_egg-logrotator@3.1.0@egg-logrotator\app\schedule\rotate_by_file.js next time will execute after 34387184ms at 2022-05-22 00:00:01.000
2022-05-21 15:03:52,562 INFO 18404 [egg-schedule]: register schedule E:\my\my_web\node_server\node_modules\_egg-multipart@2.13.1@egg-multipart\app\schedule\clean_tmpdir.js
2022-05-21 15:03:52,562 INFO 18404 [egg-schedule]: register schedule E:\my\my_web\node_server\node_modules\_egg-logrotator@3.1.0@egg-logrotator\app\schedule\clean_log.js
2022-05-21 15:03:52,562 INFO 18404 [egg-schedule]: register schedule E:\my\my_web\node_server\node_modules\_egg-logrotator@3.1.0@egg-logrotator\app\schedule\rotate_by_file.js
2022-05-21 15:07:50,754 INFO 3144 [egg-schedule]: register schedule E:\my\my_web\node_server\node_modules\_egg-multipart@2.13.1@egg-multipart\app\schedule\clean_tmpdir.js
2022-05-21 15:07:50,754 INFO 3144 [egg-schedule]: register schedule E:\my\my_web\node_server\node_modules\_egg-logrotator@3.1.0@egg-logrotator\app\schedule\clean_log.js
2022-05-21 15:07:50,755 INFO 3144 [egg-schedule]: register schedule E:\my\my_web\node_server\node_modules\_egg-logrotator@3.1.0@egg-logrotator\app\schedule\rotate_by_file.js
2022-05-21 15:08:38,747 INFO 18140 [egg-schedule]: register schedule E:\my\my_web\node_server\node_modules\_egg-multipart@2.13.1@egg-multipart\app\schedule\clean_tmpdir.js
2022-05-21 15:08:38,747 INFO 18140 [egg-schedule]: register schedule E:\my\my_web\node_server\node_modules\_egg-logrotator@3.1.0@egg-logrotator\app\schedule\clean_log.js
2022-05-21 15:08:38,747 INFO 18140 [egg-schedule]: register schedule E:\my\my_web\node_server\node_modules\_egg-logrotator@3.1.0@egg-logrotator\app\schedule\rotate_by_file.js
2022-05-21 15:08:45,012 INFO 18112 [egg-schedule]: register schedule E:\my\my_web\node_server\node_modules\_egg-multipart@2.13.1@egg-multipart\app\schedule\clean_tmpdir.js
2022-05-21 15:08:45,012 INFO 18112 [egg-schedule]: register schedule E:\my\my_web\node_server\node_modules\_egg-logrotator@3.1.0@egg-logrotator\app\schedule\clean_log.js
2022-05-21 15:08:45,013 INFO 18112 [egg-schedule]: register schedule E:\my\my_web\node_server\node_modules\_egg-logrotator@3.1.0@egg-logrotator\app\schedule\rotate_by_file.js
2022-05-21 15:10:30,254 INFO 15884 [egg-schedule]: register schedule E:\my\my_web\node_server\node_modules\_egg-multipart@2.13.1@egg-multipart\app\schedule\clean_tmpdir.js
2022-05-21 15:10:30,254 INFO 15884 [egg-schedule]: register schedule E:\my\my_web\node_server\node_modules\_egg-logrotator@3.1.0@egg-logrotator\app\schedule\clean_log.js
2022-05-21 15:10:30,255 INFO 15884 [egg-schedule]: register schedule E:\my\my_web\node_server\node_modules\_egg-logrotator@3.1.0@egg-logrotator\app\schedule\rotate_by_file.js
2022-05-21 15:10:42,049 INFO 4556 [egg-schedule]: register schedule E:\my\my_web\node_server\node_modules\_egg-multipart@2.13.1@egg-multipart\app\schedule\clean_tmpdir.js
2022-05-21 15:10:42,049 INFO 4556 [egg-schedule]: register schedule E:\my\my_web\node_server\node_modules\_egg-logrotator@3.1.0@egg-logrotator\app\schedule\clean_log.js
2022-05-21 15:10:42,050 INFO 4556 [egg-schedule]: register schedule E:\my\my_web\node_server\node_modules\_egg-logrotator@3.1.0@egg-logrotator\app\schedule\rotate_by_file.js
2022-05-21 15:12:06,713 INFO 14208 [egg-schedule]: register schedule E:\my\my_web\node_server\node_modules\_egg-multipart@2.13.1@egg-multipart\app\schedule\clean_tmpdir.js
2022-05-21 15:12:06,713 INFO 14208 [egg-schedule]: register schedule E:\my\my_web\node_server\node_modules\_egg-logrotator@3.1.0@egg-logrotator\app\schedule\clean_log.js
2022-05-21 15:12:06,713 INFO 14208 [egg-schedule]: register schedule E:\my\my_web\node_server\node_modules\_egg-logrotator@3.1.0@egg-logrotator\app\schedule\rotate_by_file.js
2022-05-21 15:16:46,891 INFO 13944 [egg-schedule]: register schedule E:\my\my_web\node_server\node_modules\_egg-multipart@2.13.1@egg-multipart\app\schedule\clean_tmpdir.js
2022-05-21 15:16:46,891 INFO 13944 [egg-schedule]: register schedule E:\my\my_web\node_server\node_modules\_egg-logrotator@3.1.0@egg-logrotator\app\schedule\clean_log.js
2022-05-21 15:16:46,892 INFO 13944 [egg-schedule]: register schedule E:\my\my_web\node_server\node_modules\_egg-logrotator@3.1.0@egg-logrotator\app\schedule\rotate_by_file.js
2022-05-21 15:16:53,144 INFO 10020 [egg-schedule]: register schedule E:\my\my_web\node_server\node_modules\_egg-multipart@2.13.1@egg-multipart\app\schedule\clean_tmpdir.js
2022-05-21 15:16:53,144 INFO 10020 [egg-schedule]: register schedule E:\my\my_web\node_server\node_modules\_egg-logrotator@3.1.0@egg-logrotator\app\schedule\clean_log.js
2022-05-21 15:16:53,144 INFO 10020 [egg-schedule]: register schedule E:\my\my_web\node_server\node_modules\_egg-logrotator@3.1.0@egg-logrotator\app\schedule\rotate_by_file.js
2022-05-21 15:19:29,394 INFO 18620 [egg-schedule]: register schedule E:\my\my_web\node_server\node_modules\_egg-multipart@2.13.1@egg-multipart\app\schedule\clean_tmpdir.js
2022-05-21 15:19:29,394 INFO 18620 [egg-schedule]: register schedule E:\my\my_web\node_server\node_modules\_egg-logrotator@3.1.0@egg-logrotator\app\schedule\clean_log.js
2022-05-21 15:19:29,394 INFO 18620 [egg-schedule]: register schedule E:\my\my_web\node_server\node_modules\_egg-logrotator@3.1.0@egg-logrotator\app\schedule\rotate_by_file.js
2022-05-21 15:19:35,342 INFO 17456 [egg-schedule]: register schedule E:\my\my_web\node_server\node_modules\_egg-multipart@2.13.1@egg-multipart\app\schedule\clean_tmpdir.js
2022-05-21 15:19:35,342 INFO 17456 [egg-schedule]: register schedule E:\my\my_web\node_server\node_modules\_egg-logrotator@3.1.0@egg-logrotator\app\schedule\clean_log.js
2022-05-21 15:19:35,343 INFO 17456 [egg-schedule]: register schedule E:\my\my_web\node_server\node_modules\_egg-logrotator@3.1.0@egg-logrotator\app\schedule\rotate_by_file.js
2022-05-21 15:20:48,353 INFO 9256 [egg-schedule]: register schedule E:\my\my_web\node_server\node_modules\_egg-multipart@2.13.1@egg-multipart\app\schedule\clean_tmpdir.js
2022-05-21 15:20:48,353 INFO 9256 [egg-schedule]: register schedule E:\my\my_web\node_server\node_modules\_egg-logrotator@3.1.0@egg-logrotator\app\schedule\clean_log.js
2022-05-21 15:20:48,354 INFO 9256 [egg-schedule]: register schedule E:\my\my_web\node_server\node_modules\_egg-logrotator@3.1.0@egg-logrotator\app\schedule\rotate_by_file.js
2022-05-21 15:25:17,030 INFO 21308 [egg-schedule]: register schedule E:\my\my_web\node_server\node_modules\_egg-multipart@2.13.1@egg-multipart\app\schedule\clean_tmpdir.js
2022-05-21 15:25:17,030 INFO 21308 [egg-schedule]: register schedule E:\my\my_web\node_server\node_modules\_egg-logrotator@3.1.0@egg-logrotator\app\schedule\clean_log.js
2022-05-21 15:25:17,030 INFO 21308 [egg-schedule]: register schedule E:\my\my_web\node_server\node_modules\_egg-logrotator@3.1.0@egg-logrotator\app\schedule\rotate_by_file.js
2022-05-21 15:25:22,881 INFO 14852 [egg-schedule]: register schedule E:\my\my_web\node_server\node_modules\_egg-multipart@2.13.1@egg-multipart\app\schedule\clean_tmpdir.js
2022-05-21 15:25:22,881 INFO 14852 [egg-schedule]: register schedule E:\my\my_web\node_server\node_modules\_egg-logrotator@3.1.0@egg-logrotator\app\schedule\clean_log.js
2022-05-21 15:25:22,882 INFO 14852 [egg-schedule]: register schedule E:\my\my_web\node_server\node_modules\_egg-logrotator@3.1.0@egg-logrotator\app\schedule\rotate_by_file.js
2022-05-21 15:31:09,952 INFO 17464 [egg-schedule]: register schedule E:\my\my_web\node_server\node_modules\_egg-multipart@2.13.1@egg-multipart\app\schedule\clean_tmpdir.js
2022-05-21 15:31:09,952 INFO 17464 [egg-schedule]: register schedule E:\my\my_web\node_server\node_modules\_egg-logrotator@3.1.0@egg-logrotator\app\schedule\clean_log.js
2022-05-21 15:31:09,952 INFO 17464 [egg-schedule]: register schedule E:\my\my_web\node_server\node_modules\_egg-logrotator@3.1.0@egg-logrotator\app\schedule\rotate_by_file.js
2022-05-21 15:31:11,633 INFO 18836 [Timer] E:\my\my_web\node_server\node_modules\_egg-multipart@2.13.1@egg-multipart\app\schedule\clean_tmpdir.js next time will execute after 46728374ms at 2022-05-22 04:30:00.006
2022-05-21 15:31:11,633 INFO 18836 [Timer] E:\my\my_web\node_server\node_modules\_egg-logrotator@3.1.0@egg-logrotator\app\schedule\clean_log.js next time will execute after 30528367ms at 2022-05-22 00:00:00.000
2022-05-21 15:31:11,634 INFO 18836 [Timer] E:\my\my_web\node_server\node_modules\_egg-logrotator@3.1.0@egg-logrotator\app\schedule\rotate_by_file.js next time will execute after 30529367ms at 2022-05-22 00:00:01.001
2022-05-21 15:42:38,985 INFO 17292 [egg-schedule]: register schedule E:\my\my_web\node_server\node_modules\_egg-multipart@2.13.1@egg-multipart\app\schedule\clean_tmpdir.js
2022-05-21 15:42:38,985 INFO 17292 [egg-schedule]: register schedule E:\my\my_web\node_server\node_modules\_egg-logrotator@3.1.0@egg-logrotator\app\schedule\clean_log.js
2022-05-21 15:42:38,986 INFO 17292 [egg-schedule]: register schedule E:\my\my_web\node_server\node_modules\_egg-logrotator@3.1.0@egg-logrotator\app\schedule\rotate_by_file.js
2022-05-21 15:42:40,659 INFO 18816 [Timer] E:\my\my_web\node_server\node_modules\_egg-multipart@2.13.1@egg-multipart\app\schedule\clean_tmpdir.js next time will execute after 46039348ms at 2022-05-22 04:30:00.007
2022-05-21 15:42:40,660 INFO 18816 [Timer] E:\my\my_web\node_server\node_modules\_egg-logrotator@3.1.0@egg-logrotator\app\schedule\clean_log.js next time will execute after 29839341ms at 2022-05-22 00:00:00.000
2022-05-21 15:42:40,660 INFO 18816 [Timer] E:\my\my_web\node_server\node_modules\_egg-logrotator@3.1.0@egg-logrotator\app\schedule\rotate_by_file.js next time will execute after 29840340ms at 2022-05-22 00:00:01.000
2022-05-21 16:22:19,702 INFO 10964 [egg-schedule]: register schedule E:\my\my_web\node_server\node_modules\_egg-multipart@2.13.1@egg-multipart\app\schedule\clean_tmpdir.js
2022-05-21 16:22:19,702 INFO 10964 [egg-schedule]: register schedule E:\my\my_web\node_server\node_modules\_egg-logrotator@3.1.0@egg-logrotator\app\schedule\clean_log.js
2022-05-21 16:22:19,703 INFO 10964 [egg-schedule]: register schedule E:\my\my_web\node_server\node_modules\_egg-logrotator@3.1.0@egg-logrotator\app\schedule\rotate_by_file.js
2022-05-21 16:22:25,738 INFO 3696 [egg-schedule]: register schedule E:\my\my_web\node_server\node_modules\_egg-multipart@2.13.1@egg-multipart\app\schedule\clean_tmpdir.js
2022-05-21 16:22:25,738 INFO 3696 [egg-schedule]: register schedule E:\my\my_web\node_server\node_modules\_egg-logrotator@3.1.0@egg-logrotator\app\schedule\clean_log.js
2022-05-21 16:22:25,738 INFO 3696 [egg-schedule]: register schedule E:\my\my_web\node_server\node_modules\_egg-logrotator@3.1.0@egg-logrotator\app\schedule\rotate_by_file.js
2022-05-21 16:23:49,739 INFO 5388 [egg-schedule]: register schedule E:\my\my_web\node_server\node_modules\_egg-multipart@2.13.1@egg-multipart\app\schedule\clean_tmpdir.js
2022-05-21 16:23:49,739 INFO 5388 [egg-schedule]: register schedule E:\my\my_web\node_server\node_modules\_egg-logrotator@3.1.0@egg-logrotator\app\schedule\clean_log.js
2022-05-21 16:23:49,740 INFO 5388 [egg-schedule]: register schedule E:\my\my_web\node_server\node_modules\_egg-logrotator@3.1.0@egg-logrotator\app\schedule\rotate_by_file.js
2022-05-22 10:35:13,175 INFO 14536 [egg-schedule]: register schedule E:\my\my_web\node_server\node_modules\_egg-multipart@2.13.1@egg-multipart\app\schedule\clean_tmpdir.js
2022-05-22 10:35:13,175 INFO 14536 [egg-schedule]: register schedule E:\my\my_web\node_server\node_modules\_egg-logrotator@3.1.0@egg-logrotator\app\schedule\clean_log.js
2022-05-22 10:35:13,176 INFO 14536 [egg-schedule]: register schedule E:\my\my_web\node_server\node_modules\_egg-logrotator@3.1.0@egg-logrotator\app\schedule\rotate_by_file.js
2022-05-22 10:35:14,970 INFO 17168 [Timer] E:\my\my_web\node_server\node_modules\_egg-multipart@2.13.1@egg-multipart\app\schedule\clean_tmpdir.js next time will execute after 64485037ms at 2022-05-23 04:30:00.007
2022-05-22 10:35:14,970 INFO 17168 [Timer] E:\my\my_web\node_server\node_modules\_egg-logrotator@3.1.0@egg-logrotator\app\schedule\clean_log.js next time will execute after 48285030ms at 2022-05-23 00:00:00.000
2022-05-22 10:35:14,971 INFO 17168 [Timer] E:\my\my_web\node_server\node_modules\_egg-logrotator@3.1.0@egg-logrotator\app\schedule\rotate_by_file.js next time will execute after 48286030ms at 2022-05-23 00:00:01.001
2022-05-22 10:45:45,439 INFO 5240 [egg-schedule]: register schedule E:\my\my_web\node_server\node_modules\_egg-multipart@2.13.1@egg-multipart\app\schedule\clean_tmpdir.js
2022-05-22 10:45:45,439 INFO 5240 [egg-schedule]: register schedule E:\my\my_web\node_server\node_modules\_egg-logrotator@3.1.0@egg-logrotator\app\schedule\clean_log.js
2022-05-22 10:45:45,439 INFO 5240 [egg-schedule]: register schedule E:\my\my_web\node_server\node_modules\_egg-logrotator@3.1.0@egg-logrotator\app\schedule\rotate_by_file.js
2022-05-22 10:45:54,511 INFO 16808 [egg-schedule]: register schedule E:\my\my_web\node_server\node_modules\_egg-multipart@2.13.1@egg-multipart\app\schedule\clean_tmpdir.js
2022-05-22 10:45:54,511 INFO 16808 [egg-schedule]: register schedule E:\my\my_web\node_server\node_modules\_egg-logrotator@3.1.0@egg-logrotator\app\schedule\clean_log.js
2022-05-22 10:45:54,511 INFO 16808 [egg-schedule]: register schedule E:\my\my_web\node_server\node_modules\_egg-logrotator@3.1.0@egg-logrotator\app\schedule\rotate_by_file.js
2022-05-22 10:47:04,866 INFO 15708 [egg-schedule]: register schedule E:\my\my_web\node_server\node_modules\_egg-multipart@2.13.1@egg-multipart\app\schedule\clean_tmpdir.js
2022-05-22 10:47:04,866 INFO 15708 [egg-schedule]: register schedule E:\my\my_web\node_server\node_modules\_egg-logrotator@3.1.0@egg-logrotator\app\schedule\clean_log.js
2022-05-22 10:47:04,866 INFO 15708 [egg-schedule]: register schedule E:\my\my_web\node_server\node_modules\_egg-logrotator@3.1.0@egg-logrotator\app\schedule\rotate_by_file.js
2022-05-22 10:52:10,341 INFO 18028 [egg-schedule]: register schedule E:\my\my_web\node_server\node_modules\_egg-multipart@2.13.1@egg-multipart\app\schedule\clean_tmpdir.js
2022-05-22 10:52:10,341 INFO 18028 [egg-schedule]: register schedule E:\my\my_web\node_server\node_modules\_egg-logrotator@3.1.0@egg-logrotator\app\schedule\clean_log.js
2022-05-22 10:52:10,342 INFO 18028 [egg-schedule]: register schedule E:\my\my_web\node_server\node_modules\_egg-logrotator@3.1.0@egg-logrotator\app\schedule\rotate_by_file.js
2022-05-22 10:58:45,709 INFO 17876 [egg-schedule]: register schedule E:\my\my_web\node_server\node_modules\_egg-multipart@2.13.1@egg-multipart\app\schedule\clean_tmpdir.js
2022-05-22 10:58:45,710 INFO 17876 [egg-schedule]: register schedule E:\my\my_web\node_server\node_modules\_egg-logrotator@3.1.0@egg-logrotator\app\schedule\clean_log.js
2022-05-22 10:58:45,710 INFO 17876 [egg-schedule]: register schedule E:\my\my_web\node_server\node_modules\_egg-logrotator@3.1.0@egg-logrotator\app\schedule\rotate_by_file.js
2022-05-22 11:03:21,477 INFO 17964 [egg-schedule]: register schedule E:\my\my_web\node_server\node_modules\_egg-multipart@2.13.1@egg-multipart\app\schedule\clean_tmpdir.js
2022-05-22 11:03:21,478 INFO 17964 [egg-schedule]: register schedule E:\my\my_web\node_server\node_modules\_egg-logrotator@3.1.0@egg-logrotator\app\schedule\clean_log.js
2022-05-22 11:03:21,478 INFO 17964 [egg-schedule]: register schedule E:\my\my_web\node_server\node_modules\_egg-logrotator@3.1.0@egg-logrotator\app\schedule\rotate_by_file.js
2022-05-22 11:03:34,641 INFO 16568 [egg-schedule]: register schedule E:\my\my_web\node_server\node_modules\_egg-multipart@2.13.1@egg-multipart\app\schedule\clean_tmpdir.js
2022-05-22 11:03:34,641 INFO 16568 [egg-schedule]: register schedule E:\my\my_web\node_server\node_modules\_egg-logrotator@3.1.0@egg-logrotator\app\schedule\clean_log.js
2022-05-22 11:03:34,642 INFO 16568 [egg-schedule]: register schedule E:\my\my_web\node_server\node_modules\_egg-logrotator@3.1.0@egg-logrotator\app\schedule\rotate_by_file.js
2022-05-22 11:37:45,635 INFO 5116 [egg-schedule]: register schedule E:\my\my_web\node_server\node_modules\_egg-multipart@2.13.1@egg-multipart\app\schedule\clean_tmpdir.js
2022-05-22 11:37:45,635 INFO 5116 [egg-schedule]: register schedule E:\my\my_web\node_server\node_modules\_egg-logrotator@3.1.0@egg-logrotator\app\schedule\clean_log.js
2022-05-22 11:37:45,635 INFO 5116 [egg-schedule]: register schedule E:\my\my_web\node_server\node_modules\_egg-logrotator@3.1.0@egg-logrotator\app\schedule\rotate_by_file.js
2022-05-22 11:37:51,602 INFO 15552 [egg-schedule]: register schedule E:\my\my_web\node_server\node_modules\_egg-multipart@2.13.1@egg-multipart\app\schedule\clean_tmpdir.js
2022-05-22 11:37:51,602 INFO 15552 [egg-schedule]: register schedule E:\my\my_web\node_server\node_modules\_egg-logrotator@3.1.0@egg-logrotator\app\schedule\clean_log.js
2022-05-22 11:37:51,602 INFO 15552 [egg-schedule]: register schedule E:\my\my_web\node_server\node_modules\_egg-logrotator@3.1.0@egg-logrotator\app\schedule\rotate_by_file.js
2022-05-22 11:40:11,592 INFO 15428 [egg-schedule]: register schedule E:\my\my_web\node_server\node_modules\_egg-multipart@2.13.1@egg-multipart\app\schedule\clean_tmpdir.js
2022-05-22 11:40:11,592 INFO 15428 [egg-schedule]: register schedule E:\my\my_web\node_server\node_modules\_egg-logrotator@3.1.0@egg-logrotator\app\schedule\clean_log.js
2022-05-22 11:40:11,592 INFO 15428 [egg-schedule]: register schedule E:\my\my_web\node_server\node_modules\_egg-logrotator@3.1.0@egg-logrotator\app\schedule\rotate_by_file.js
2022-05-22 11:53:46,071 INFO 3752 [egg-schedule]: register schedule E:\my\my_web\node_server\node_modules\_egg-multipart@2.13.1@egg-multipart\app\schedule\clean_tmpdir.js
2022-05-22 11:53:46,071 INFO 3752 [egg-schedule]: register schedule E:\my\my_web\node_server\node_modules\_egg-logrotator@3.1.0@egg-logrotator\app\schedule\clean_log.js
2022-05-22 11:53:46,072 INFO 3752 [egg-schedule]: register schedule E:\my\my_web\node_server\node_modules\_egg-logrotator@3.1.0@egg-logrotator\app\schedule\rotate_by_file.js
2022-05-22 11:56:03,629 INFO 14880 [egg-schedule]: register schedule E:\my\my_web\node_server\node_modules\_egg-multipart@2.13.1@egg-multipart\app\schedule\clean_tmpdir.js
2022-05-22 11:56:03,629 INFO 14880 [egg-schedule]: register schedule E:\my\my_web\node_server\node_modules\_egg-logrotator@3.1.0@egg-logrotator\app\schedule\clean_log.js
2022-05-22 11:56:03,630 INFO 14880 [egg-schedule]: register schedule E:\my\my_web\node_server\node_modules\_egg-logrotator@3.1.0@egg-logrotator\app\schedule\rotate_by_file.js
2022-05-22 12:00:39,130 INFO 12496 [egg-schedule]: register schedule E:\my\my_web\node_server\node_modules\_egg-multipart@2.13.1@egg-multipart\app\schedule\clean_tmpdir.js
2022-05-22 12:00:39,130 INFO 12496 [egg-schedule]: register schedule E:\my\my_web\node_server\node_modules\_egg-logrotator@3.1.0@egg-logrotator\app\schedule\clean_log.js
2022-05-22 12:00:39,131 INFO 12496 [egg-schedule]: register schedule E:\my\my_web\node_server\node_modules\_egg-logrotator@3.1.0@egg-logrotator\app\schedule\rotate_by_file.js
2022-05-22 12:00:45,026 INFO 18896 [egg-schedule]: register schedule E:\my\my_web\node_server\node_modules\_egg-multipart@2.13.1@egg-multipart\app\schedule\clean_tmpdir.js
2022-05-22 12:00:45,026 INFO 18896 [egg-schedule]: register schedule E:\my\my_web\node_server\node_modules\_egg-logrotator@3.1.0@egg-logrotator\app\schedule\clean_log.js
2022-05-22 12:00:45,027 INFO 18896 [egg-schedule]: register schedule E:\my\my_web\node_server\node_modules\_egg-logrotator@3.1.0@egg-logrotator\app\schedule\rotate_by_file.js
2022-05-22 12:00:58,670 INFO 18604 [egg-schedule]: register schedule E:\my\my_web\node_server\node_modules\_egg-multipart@2.13.1@egg-multipart\app\schedule\clean_tmpdir.js
2022-05-22 12:00:58,670 INFO 18604 [egg-schedule]: register schedule E:\my\my_web\node_server\node_modules\_egg-logrotator@3.1.0@egg-logrotator\app\schedule\clean_log.js
2022-05-22 12:00:58,671 INFO 18604 [egg-schedule]: register schedule E:\my\my_web\node_server\node_modules\_egg-logrotator@3.1.0@egg-logrotator\app\schedule\rotate_by_file.js
2022-05-22 12:01:04,445 INFO 17360 [egg-schedule]: register schedule E:\my\my_web\node_server\node_modules\_egg-multipart@2.13.1@egg-multipart\app\schedule\clean_tmpdir.js
2022-05-22 12:01:04,445 INFO 17360 [egg-schedule]: register schedule E:\my\my_web\node_server\node_modules\_egg-logrotator@3.1.0@egg-logrotator\app\schedule\clean_log.js
2022-05-22 12:01:04,446 INFO 17360 [egg-schedule]: register schedule E:\my\my_web\node_server\node_modules\_egg-logrotator@3.1.0@egg-logrotator\app\schedule\rotate_by_file.js
2022-05-22 12:02:15,278 INFO 12776 [egg-schedule]: register schedule E:\my\my_web\node_server\node_modules\_egg-multipart@2.13.1@egg-multipart\app\schedule\clean_tmpdir.js
2022-05-22 12:02:15,278 INFO 12776 [egg-schedule]: register schedule E:\my\my_web\node_server\node_modules\_egg-logrotator@3.1.0@egg-logrotator\app\schedule\clean_log.js
2022-05-22 12:02:15,278 INFO 12776 [egg-schedule]: register schedule E:\my\my_web\node_server\node_modules\_egg-logrotator@3.1.0@egg-logrotator\app\schedule\rotate_by_file.js
2022-05-22 12:06:18,366 INFO 16660 [egg-schedule]: register schedule E:\my\my_web\node_server\node_modules\_egg-multipart@2.13.1@egg-multipart\app\schedule\clean_tmpdir.js
2022-05-22 12:06:18,366 INFO 16660 [egg-schedule]: register schedule E:\my\my_web\node_server\node_modules\_egg-logrotator@3.1.0@egg-logrotator\app\schedule\clean_log.js
2022-05-22 12:06:18,367 INFO 16660 [egg-schedule]: register schedule E:\my\my_web\node_server\node_modules\_egg-logrotator@3.1.0@egg-logrotator\app\schedule\rotate_by_file.js
2022-05-22 12:06:24,320 INFO 16596 [egg-schedule]: register schedule E:\my\my_web\node_server\node_modules\_egg-multipart@2.13.1@egg-multipart\app\schedule\clean_tmpdir.js
2022-05-22 12:06:24,320 INFO 16596 [egg-schedule]: register schedule E:\my\my_web\node_server\node_modules\_egg-logrotator@3.1.0@egg-logrotator\app\schedule\clean_log.js
2022-05-22 12:06:24,321 INFO 16596 [egg-schedule]: register schedule E:\my\my_web\node_server\node_modules\_egg-logrotator@3.1.0@egg-logrotator\app\schedule\rotate_by_file.js
2022-05-22 12:07:28,312 INFO 18932 [egg-schedule]: register schedule E:\my\my_web\node_server\node_modules\_egg-multipart@2.13.1@egg-multipart\app\schedule\clean_tmpdir.js
2022-05-22 12:07:28,312 INFO 18932 [egg-schedule]: register schedule E:\my\my_web\node_server\node_modules\_egg-logrotator@3.1.0@egg-logrotator\app\schedule\clean_log.js
2022-05-22 12:07:28,313 INFO 18932 [egg-schedule]: register schedule E:\my\my_web\node_server\node_modules\_egg-logrotator@3.1.0@egg-logrotator\app\schedule\rotate_by_file.js
2022-05-22 12:07:48,198 INFO 16984 [egg-schedule]: register schedule E:\my\my_web\node_server\node_modules\_egg-multipart@2.13.1@egg-multipart\app\schedule\clean_tmpdir.js
2022-05-22 12:07:48,198 INFO 16984 [egg-schedule]: register schedule E:\my\my_web\node_server\node_modules\_egg-logrotator@3.1.0@egg-logrotator\app\schedule\clean_log.js
2022-05-22 12:07:48,199 INFO 16984 [egg-schedule]: register schedule E:\my\my_web\node_server\node_modules\_egg-logrotator@3.1.0@egg-logrotator\app\schedule\rotate_by_file.js
2022-05-22 12:08:30,024 INFO 17544 [egg-schedule]: register schedule E:\my\my_web\node_server\node_modules\_egg-multipart@2.13.1@egg-multipart\app\schedule\clean_tmpdir.js
2022-05-22 12:08:30,024 INFO 17544 [egg-schedule]: register schedule E:\my\my_web\node_server\node_modules\_egg-logrotator@3.1.0@egg-logrotator\app\schedule\clean_log.js
2022-05-22 12:08:30,025 INFO 17544 [egg-schedule]: register schedule E:\my\my_web\node_server\node_modules\_egg-logrotator@3.1.0@egg-logrotator\app\schedule\rotate_by_file.js
2022-05-22 12:12:18,141 INFO 18212 [egg-schedule]: register schedule E:\my\my_web\node_server\node_modules\_egg-multipart@2.13.1@egg-multipart\app\schedule\clean_tmpdir.js
2022-05-22 12:12:18,141 INFO 18212 [egg-schedule]: register schedule E:\my\my_web\node_server\node_modules\_egg-logrotator@3.1.0@egg-logrotator\app\schedule\clean_log.js
2022-05-22 12:12:18,142 INFO 18212 [egg-schedule]: register schedule E:\my\my_web\node_server\node_modules\_egg-logrotator@3.1.0@egg-logrotator\app\schedule\rotate_by_file.js
2022-05-22 12:12:23,881 INFO 14528 [egg-schedule]: register schedule E:\my\my_web\node_server\node_modules\_egg-multipart@2.13.1@egg-multipart\app\schedule\clean_tmpdir.js
2022-05-22 12:12:23,882 INFO 14528 [egg-schedule]: register schedule E:\my\my_web\node_server\node_modules\_egg-logrotator@3.1.0@egg-logrotator\app\schedule\clean_log.js
2022-05-22 12:12:23,882 INFO 14528 [egg-schedule]: register schedule E:\my\my_web\node_server\node_modules\_egg-logrotator@3.1.0@egg-logrotator\app\schedule\rotate_by_file.js
2022-05-22 12:12:34,481 INFO 15124 [egg-schedule]: register schedule E:\my\my_web\node_server\node_modules\_egg-multipart@2.13.1@egg-multipart\app\schedule\clean_tmpdir.js
2022-05-22 12:12:34,481 INFO 15124 [egg-schedule]: register schedule E:\my\my_web\node_server\node_modules\_egg-logrotator@3.1.0@egg-logrotator\app\schedule\clean_log.js
2022-05-22 12:12:34,481 INFO 15124 [egg-schedule]: register schedule E:\my\my_web\node_server\node_modules\_egg-logrotator@3.1.0@egg-logrotator\app\schedule\rotate_by_file.js
2022-05-22 12:13:05,004 INFO 14716 [egg-schedule]: register schedule E:\my\my_web\node_server\node_modules\_egg-multipart@2.13.1@egg-multipart\app\schedule\clean_tmpdir.js
2022-05-22 12:13:05,005 INFO 14716 [egg-schedule]: register schedule E:\my\my_web\node_server\node_modules\_egg-logrotator@3.1.0@egg-logrotator\app\schedule\clean_log.js
2022-05-22 12:13:05,005 INFO 14716 [egg-schedule]: register schedule E:\my\my_web\node_server\node_modules\_egg-logrotator@3.1.0@egg-logrotator\app\schedule\rotate_by_file.js
2022-05-22 12:53:13,763 INFO 18604 [egg-schedule]: register schedule E:\my\my_web\node_server\node_modules\_egg-multipart@2.13.1@egg-multipart\app\schedule\clean_tmpdir.js
2022-05-22 12:53:13,763 INFO 18604 [egg-schedule]: register schedule E:\my\my_web\node_server\node_modules\_egg-logrotator@3.1.0@egg-logrotator\app\schedule\clean_log.js
2022-05-22 12:53:13,763 INFO 18604 [egg-schedule]: register schedule E:\my\my_web\node_server\node_modules\_egg-logrotator@3.1.0@egg-logrotator\app\schedule\rotate_by_file.js
2022-05-22 12:53:15,786 INFO 11820 [Timer] E:\my\my_web\node_server\node_modules\_egg-multipart@2.13.1@egg-multipart\app\schedule\clean_tmpdir.js next time will execute after 56204221ms at 2022-05-23 04:30:00.007
2022-05-22 12:53:15,787 INFO 11820 [Timer] E:\my\my_web\node_server\node_modules\_egg-logrotator@3.1.0@egg-logrotator\app\schedule\clean_log.js next time will execute after 40004214ms at 2022-05-23 00:00:00.001
2022-05-22 12:53:15,788 INFO 11820 [Timer] E:\my\my_web\node_server\node_modules\_egg-logrotator@3.1.0@egg-logrotator\app\schedule\rotate_by_file.js next time will execute after 40005213ms at 2022-05-23 00:00:01.001
2022-05-22 12:58:28,834 INFO 16832 [egg-schedule]: register schedule E:\my\my_web\node_server\node_modules\_egg-multipart@2.13.1@egg-multipart\app\schedule\clean_tmpdir.js
2022-05-22 12:58:28,834 INFO 16832 [egg-schedule]: register schedule E:\my\my_web\node_server\node_modules\_egg-logrotator@3.1.0@egg-logrotator\app\schedule\clean_log.js
2022-05-22 12:58:28,835 INFO 16832 [egg-schedule]: register schedule E:\my\my_web\node_server\node_modules\_egg-logrotator@3.1.0@egg-logrotator\app\schedule\rotate_by_file.js
2022-05-22 13:01:39,266 INFO 3408 [egg-schedule]: register schedule E:\my\my_web\node_server\node_modules\_egg-multipart@2.13.1@egg-multipart\app\schedule\clean_tmpdir.js
2022-05-22 13:01:39,266 INFO 3408 [egg-schedule]: register schedule E:\my\my_web\node_server\node_modules\_egg-logrotator@3.1.0@egg-logrotator\app\schedule\clean_log.js
2022-05-22 13:01:39,266 INFO 3408 [egg-schedule]: register schedule E:\my\my_web\node_server\node_modules\_egg-logrotator@3.1.0@egg-logrotator\app\schedule\rotate_by_file.js
2022-05-22 13:02:48,141 INFO 15960 [egg-schedule]: register schedule E:\my\my_web\node_server\node_modules\_egg-multipart@2.13.1@egg-multipart\app\schedule\clean_tmpdir.js
2022-05-22 13:02:48,141 INFO 15960 [egg-schedule]: register schedule E:\my\my_web\node_server\node_modules\_egg-logrotator@3.1.0@egg-logrotator\app\schedule\clean_log.js
2022-05-22 13:02:48,141 INFO 15960 [egg-schedule]: register schedule E:\my\my_web\node_server\node_modules\_egg-logrotator@3.1.0@egg-logrotator\app\schedule\rotate_by_file.js
2022-05-22 13:04:01,662 INFO 5904 [egg-schedule]: register schedule E:\my\my_web\node_server\node_modules\_egg-multipart@2.13.1@egg-multipart\app\schedule\clean_tmpdir.js
2022-05-22 13:04:01,662 INFO 5904 [egg-schedule]: register schedule E:\my\my_web\node_server\node_modules\_egg-logrotator@3.1.0@egg-logrotator\app\schedule\clean_log.js
2022-05-22 13:04:01,663 INFO 5904 [egg-schedule]: register schedule E:\my\my_web\node_server\node_modules\_egg-logrotator@3.1.0@egg-logrotator\app\schedule\rotate_by_file.js
2022-05-22 13:04:40,687 INFO 548 [egg-schedule]: register schedule E:\my\my_web\node_server\node_modules\_egg-multipart@2.13.1@egg-multipart\app\schedule\clean_tmpdir.js
2022-05-22 13:04:40,687 INFO 548 [egg-schedule]: register schedule E:\my\my_web\node_server\node_modules\_egg-logrotator@3.1.0@egg-logrotator\app\schedule\clean_log.js
2022-05-22 13:04:40,687 INFO 548 [egg-schedule]: register schedule E:\my\my_web\node_server\node_modules\_egg-logrotator@3.1.0@egg-logrotator\app\schedule\rotate_by_file.js
2022-05-22 13:05:09,885 INFO 19080 [egg-schedule]: register schedule E:\my\my_web\node_server\node_modules\_egg-multipart@2.13.1@egg-multipart\app\schedule\clean_tmpdir.js
2022-05-22 13:05:09,885 INFO 19080 [egg-schedule]: register schedule E:\my\my_web\node_server\node_modules\_egg-logrotator@3.1.0@egg-logrotator\app\schedule\clean_log.js
2022-05-22 13:05:09,885 INFO 19080 [egg-schedule]: register schedule E:\my\my_web\node_server\node_modules\_egg-logrotator@3.1.0@egg-logrotator\app\schedule\rotate_by_file.js
2022-05-22 13:05:35,434 INFO 18196 [egg-schedule]: register schedule E:\my\my_web\node_server\node_modules\_egg-multipart@2.13.1@egg-multipart\app\schedule\clean_tmpdir.js
2022-05-22 13:05:35,434 INFO 18196 [egg-schedule]: register schedule E:\my\my_web\node_server\node_modules\_egg-logrotator@3.1.0@egg-logrotator\app\schedule\clean_log.js
2022-05-22 13:05:35,435 INFO 18196 [egg-schedule]: register schedule E:\my\my_web\node_server\node_modules\_egg-logrotator@3.1.0@egg-logrotator\app\schedule\rotate_by_file.js
2022-05-22 13:05:42,910 INFO 6412 [egg-schedule]: register schedule E:\my\my_web\node_server\node_modules\_egg-multipart@2.13.1@egg-multipart\app\schedule\clean_tmpdir.js
2022-05-22 13:05:42,910 INFO 6412 [egg-schedule]: register schedule E:\my\my_web\node_server\node_modules\_egg-logrotator@3.1.0@egg-logrotator\app\schedule\clean_log.js
2022-05-22 13:05:42,910 INFO 6412 [egg-schedule]: register schedule E:\my\my_web\node_server\node_modules\_egg-logrotator@3.1.0@egg-logrotator\app\schedule\rotate_by_file.js
2022-05-22 13:05:52,928 INFO 17252 [egg-schedule]: register schedule E:\my\my_web\node_server\node_modules\_egg-multipart@2.13.1@egg-multipart\app\schedule\clean_tmpdir.js
2022-05-22 13:05:52,928 INFO 17252 [egg-schedule]: register schedule E:\my\my_web\node_server\node_modules\_egg-logrotator@3.1.0@egg-logrotator\app\schedule\clean_log.js
2022-05-22 13:05:52,928 INFO 17252 [egg-schedule]: register schedule E:\my\my_web\node_server\node_modules\_egg-logrotator@3.1.0@egg-logrotator\app\schedule\rotate_by_file.js
2022-05-22 13:06:14,929 INFO 14412 [egg-schedule]: register schedule E:\my\my_web\node_server\node_modules\_egg-multipart@2.13.1@egg-multipart\app\schedule\clean_tmpdir.js
2022-05-22 13:06:14,929 INFO 14412 [egg-schedule]: register schedule E:\my\my_web\node_server\node_modules\_egg-logrotator@3.1.0@egg-logrotator\app\schedule\clean_log.js
2022-05-22 13:06:14,930 INFO 14412 [egg-schedule]: register schedule E:\my\my_web\node_server\node_modules\_egg-logrotator@3.1.0@egg-logrotator\app\schedule\rotate_by_file.js
2022-05-22 13:06:26,503 INFO 19128 [egg-schedule]: register schedule E:\my\my_web\node_server\node_modules\_egg-multipart@2.13.1@egg-multipart\app\schedule\clean_tmpdir.js
2022-05-22 13:06:26,503 INFO 19128 [egg-schedule]: register schedule E:\my\my_web\node_server\node_modules\_egg-logrotator@3.1.0@egg-logrotator\app\schedule\clean_log.js
2022-05-22 13:06:26,503 INFO 19128 [egg-schedule]: register schedule E:\my\my_web\node_server\node_modules\_egg-logrotator@3.1.0@egg-logrotator\app\schedule\rotate_by_file.js
2022-05-22 13:06:31,829 INFO 14748 [egg-schedule]: register schedule E:\my\my_web\node_server\node_modules\_egg-multipart@2.13.1@egg-multipart\app\schedule\clean_tmpdir.js
2022-05-22 13:06:31,829 INFO 14748 [egg-schedule]: register schedule E:\my\my_web\node_server\node_modules\_egg-logrotator@3.1.0@egg-logrotator\app\schedule\clean_log.js
2022-05-22 13:06:31,829 INFO 14748 [egg-schedule]: register schedule E:\my\my_web\node_server\node_modules\_egg-logrotator@3.1.0@egg-logrotator\app\schedule\rotate_by_file.js
2022-05-22 13:06:41,033 INFO 3936 [egg-schedule]: register schedule E:\my\my_web\node_server\node_modules\_egg-multipart@2.13.1@egg-multipart\app\schedule\clean_tmpdir.js
2022-05-22 13:06:41,033 INFO 3936 [egg-schedule]: register schedule E:\my\my_web\node_server\node_modules\_egg-logrotator@3.1.0@egg-logrotator\app\schedule\clean_log.js
2022-05-22 13:06:41,033 INFO 3936 [egg-schedule]: register schedule E:\my\my_web\node_server\node_modules\_egg-logrotator@3.1.0@egg-logrotator\app\schedule\rotate_by_file.js
2022-05-22 13:06:50,478 INFO 17548 [egg-schedule]: register schedule E:\my\my_web\node_server\node_modules\_egg-multipart@2.13.1@egg-multipart\app\schedule\clean_tmpdir.js
2022-05-22 13:06:50,478 INFO 17548 [egg-schedule]: register schedule E:\my\my_web\node_server\node_modules\_egg-logrotator@3.1.0@egg-logrotator\app\schedule\clean_log.js
2022-05-22 13:06:50,478 INFO 17548 [egg-schedule]: register schedule E:\my\my_web\node_server\node_modules\_egg-logrotator@3.1.0@egg-logrotator\app\schedule\rotate_by_file.js
2022-05-22 13:06:56,560 INFO 7112 [egg-schedule]: register schedule E:\my\my_web\node_server\node_modules\_egg-multipart@2.13.1@egg-multipart\app\schedule\clean_tmpdir.js
2022-05-22 13:06:56,560 INFO 7112 [egg-schedule]: register schedule E:\my\my_web\node_server\node_modules\_egg-logrotator@3.1.0@egg-logrotator\app\schedule\clean_log.js
2022-05-22 13:06:56,561 INFO 7112 [egg-schedule]: register schedule E:\my\my_web\node_server\node_modules\_egg-logrotator@3.1.0@egg-logrotator\app\schedule\rotate_by_file.js
2022-05-22 13:07:49,751 INFO 19284 [egg-schedule]: register schedule E:\my\my_web\node_server\node_modules\_egg-multipart@2.13.1@egg-multipart\app\schedule\clean_tmpdir.js
2022-05-22 13:07:49,752 INFO 19284 [egg-schedule]: register schedule E:\my\my_web\node_server\node_modules\_egg-logrotator@3.1.0@egg-logrotator\app\schedule\clean_log.js
2022-05-22 13:07:49,752 INFO 19284 [egg-schedule]: register schedule E:\my\my_web\node_server\node_modules\_egg-logrotator@3.1.0@egg-logrotator\app\schedule\rotate_by_file.js
2022-05-22 13:08:05,766 INFO 3648 [egg-schedule]: register schedule E:\my\my_web\node_server\node_modules\_egg-multipart@2.13.1@egg-multipart\app\schedule\clean_tmpdir.js
2022-05-22 13:08:05,766 INFO 3648 [egg-schedule]: register schedule E:\my\my_web\node_server\node_modules\_egg-logrotator@3.1.0@egg-logrotator\app\schedule\clean_log.js
2022-05-22 13:08:05,767 INFO 3648 [egg-schedule]: register schedule E:\my\my_web\node_server\node_modules\_egg-logrotator@3.1.0@egg-logrotator\app\schedule\rotate_by_file.js
2022-05-22 13:08:25,427 INFO 13264 [egg-schedule]: register schedule E:\my\my_web\node_server\node_modules\_egg-multipart@2.13.1@egg-multipart\app\schedule\clean_tmpdir.js
2022-05-22 13:08:25,427 INFO 13264 [egg-schedule]: register schedule E:\my\my_web\node_server\node_modules\_egg-logrotator@3.1.0@egg-logrotator\app\schedule\clean_log.js
2022-05-22 13:08:25,427 INFO 13264 [egg-schedule]: register schedule E:\my\my_web\node_server\node_modules\_egg-logrotator@3.1.0@egg-logrotator\app\schedule\rotate_by_file.js
2022-05-22 13:08:34,251 INFO 10804 [egg-schedule]: register schedule E:\my\my_web\node_server\node_modules\_egg-multipart@2.13.1@egg-multipart\app\schedule\clean_tmpdir.js
2022-05-22 13:08:34,251 INFO 10804 [egg-schedule]: register schedule E:\my\my_web\node_server\node_modules\_egg-logrotator@3.1.0@egg-logrotator\app\schedule\clean_log.js
2022-05-22 13:08:34,252 INFO 10804 [egg-schedule]: register schedule E:\my\my_web\node_server\node_modules\_egg-logrotator@3.1.0@egg-logrotator\app\schedule\rotate_by_file.js
2022-05-22 13:08:46,142 INFO 11388 [egg-schedule]: register schedule E:\my\my_web\node_server\node_modules\_egg-multipart@2.13.1@egg-multipart\app\schedule\clean_tmpdir.js
2022-05-22 13:08:46,142 INFO 11388 [egg-schedule]: register schedule E:\my\my_web\node_server\node_modules\_egg-logrotator@3.1.0@egg-logrotator\app\schedule\clean_log.js
2022-05-22 13:08:46,142 INFO 11388 [egg-schedule]: register schedule E:\my\my_web\node_server\node_modules\_egg-logrotator@3.1.0@egg-logrotator\app\schedule\rotate_by_file.js
2022-05-22 13:08:58,725 INFO 18268 [egg-schedule]: register schedule E:\my\my_web\node_server\node_modules\_egg-multipart@2.13.1@egg-multipart\app\schedule\clean_tmpdir.js
2022-05-22 13:08:58,725 INFO 18268 [egg-schedule]: register schedule E:\my\my_web\node_server\node_modules\_egg-logrotator@3.1.0@egg-logrotator\app\schedule\clean_log.js
2022-05-22 13:08:58,725 INFO 18268 [egg-schedule]: register schedule E:\my\my_web\node_server\node_modules\_egg-logrotator@3.1.0@egg-logrotator\app\schedule\rotate_by_file.js
2022-05-22 13:09:17,769 INFO 15572 [egg-schedule]: register schedule E:\my\my_web\node_server\node_modules\_egg-multipart@2.13.1@egg-multipart\app\schedule\clean_tmpdir.js
2022-05-22 13:09:17,769 INFO 15572 [egg-schedule]: register schedule E:\my\my_web\node_server\node_modules\_egg-logrotator@3.1.0@egg-logrotator\app\schedule\clean_log.js
2022-05-22 13:09:17,770 INFO 15572 [egg-schedule]: register schedule E:\my\my_web\node_server\node_modules\_egg-logrotator@3.1.0@egg-logrotator\app\schedule\rotate_by_file.js
2022-05-22 13:09:23,765 INFO 17312 [egg-schedule]: register schedule E:\my\my_web\node_server\node_modules\_egg-multipart@2.13.1@egg-multipart\app\schedule\clean_tmpdir.js
2022-05-22 13:09:23,765 INFO 17312 [egg-schedule]: register schedule E:\my\my_web\node_server\node_modules\_egg-logrotator@3.1.0@egg-logrotator\app\schedule\clean_log.js
2022-05-22 13:09:23,766 INFO 17312 [egg-schedule]: register schedule E:\my\my_web\node_server\node_modules\_egg-logrotator@3.1.0@egg-logrotator\app\schedule\rotate_by_file.js
2022-05-22 13:09:31,154 INFO 16836 [egg-schedule]: register schedule E:\my\my_web\node_server\node_modules\_egg-multipart@2.13.1@egg-multipart\app\schedule\clean_tmpdir.js
2022-05-22 13:09:31,154 INFO 16836 [egg-schedule]: register schedule E:\my\my_web\node_server\node_modules\_egg-logrotator@3.1.0@egg-logrotator\app\schedule\clean_log.js
2022-05-22 13:09:31,154 INFO 16836 [egg-schedule]: register schedule E:\my\my_web\node_server\node_modules\_egg-logrotator@3.1.0@egg-logrotator\app\schedule\rotate_by_file.js
2022-05-22 13:25:33,729 INFO 2032 [egg-schedule]: register schedule E:\my\my_web\node_server\node_modules\_egg-multipart@2.13.1@egg-multipart\app\schedule\clean_tmpdir.js
2022-05-22 13:25:33,729 INFO 2032 [egg-schedule]: register schedule E:\my\my_web\node_server\node_modules\_egg-logrotator@3.1.0@egg-logrotator\app\schedule\clean_log.js
2022-05-22 13:25:33,730 INFO 2032 [egg-schedule]: register schedule E:\my\my_web\node_server\node_modules\_egg-logrotator@3.1.0@egg-logrotator\app\schedule\rotate_by_file.js
2022-05-22 13:31:37,536 INFO 20072 [egg-schedule]: register schedule E:\my\my_web\node_server\node_modules\_egg-multipart@2.13.1@egg-multipart\app\schedule\clean_tmpdir.js
2022-05-22 13:31:37,536 INFO 20072 [egg-schedule]: register schedule E:\my\my_web\node_server\node_modules\_egg-logrotator@3.1.0@egg-logrotator\app\schedule\clean_log.js
2022-05-22 13:31:37,536 INFO 20072 [egg-schedule]: register schedule E:\my\my_web\node_server\node_modules\_egg-logrotator@3.1.0@egg-logrotator\app\schedule\rotate_by_file.js
2022-05-22 13:31:39,293 INFO 1560 [Timer] E:\my\my_web\node_server\node_modules\_egg-multipart@2.13.1@egg-multipart\app\schedule\clean_tmpdir.js next time will execute after 53900714ms at 2022-05-23 04:30:00.007
2022-05-22 13:31:39,294 INFO 1560 [Timer] E:\my\my_web\node_server\node_modules\_egg-logrotator@3.1.0@egg-logrotator\app\schedule\clean_log.js next time will execute after 37700707ms at 2022-05-23 00:00:00.001
2022-05-22 13:31:39,295 INFO 1560 [Timer] E:\my\my_web\node_server\node_modules\_egg-logrotator@3.1.0@egg-logrotator\app\schedule\rotate_by_file.js next time will execute after 37701706ms at 2022-05-23 00:00:01.001
2022-05-22 13:36:59,457 INFO 17344 [egg-schedule]: register schedule E:\my\my_web\node_server\node_modules\_egg-multipart@2.13.1@egg-multipart\app\schedule\clean_tmpdir.js
2022-05-22 13:36:59,457 INFO 17344 [egg-schedule]: register schedule E:\my\my_web\node_server\node_modules\_egg-logrotator@3.1.0@egg-logrotator\app\schedule\clean_log.js
2022-05-22 13:36:59,458 INFO 17344 [egg-schedule]: register schedule E:\my\my_web\node_server\node_modules\_egg-logrotator@3.1.0@egg-logrotator\app\schedule\rotate_by_file.js
2022-05-22 13:37:05,275 INFO 19620 [egg-schedule]: register schedule E:\my\my_web\node_server\node_modules\_egg-multipart@2.13.1@egg-multipart\app\schedule\clean_tmpdir.js
2022-05-22 13:37:05,275 INFO 19620 [egg-schedule]: register schedule E:\my\my_web\node_server\node_modules\_egg-logrotator@3.1.0@egg-logrotator\app\schedule\clean_log.js
2022-05-22 13:37:05,275 INFO 19620 [egg-schedule]: register schedule E:\my\my_web\node_server\node_modules\_egg-logrotator@3.1.0@egg-logrotator\app\schedule\rotate_by_file.js
2022-05-22 13:42:36,280 INFO 19516 [egg-schedule]: register schedule E:\my\my_web\node_server\node_modules\_egg-multipart@2.13.1@egg-multipart\app\schedule\clean_tmpdir.js
2022-05-22 13:42:36,280 INFO 19516 [egg-schedule]: register schedule E:\my\my_web\node_server\node_modules\_egg-logrotator@3.1.0@egg-logrotator\app\schedule\clean_log.js
2022-05-22 13:42:36,280 INFO 19516 [egg-schedule]: register schedule E:\my\my_web\node_server\node_modules\_egg-logrotator@3.1.0@egg-logrotator\app\schedule\rotate_by_file.js
2022-05-22 13:42:38,098 INFO 20044 [Timer] E:\my\my_web\node_server\node_modules\_egg-multipart@2.13.1@egg-multipart\app\schedule\clean_tmpdir.js next time will execute after 53241909ms at 2022-05-23 04:30:00.007
2022-05-22 13:42:38,099 INFO 20044 [Timer] E:\my\my_web\node_server\node_modules\_egg-logrotator@3.1.0@egg-logrotator\app\schedule\clean_log.js next time will execute after 37041902ms at 2022-05-23 00:00:00.001
2022-05-22 13:42:38,100 INFO 20044 [Timer] E:\my\my_web\node_server\node_modules\_egg-logrotator@3.1.0@egg-logrotator\app\schedule\rotate_by_file.js next time will execute after 37042901ms at 2022-05-23 00:00:01.000
2022-05-22 13:42:40,529 INFO 18424 [egg-schedule]: register schedule E:\my\my_web\node_server\node_modules\_egg-multipart@2.13.1@egg-multipart\app\schedule\clean_tmpdir.js
2022-05-22 13:42:40,529 INFO 18424 [egg-schedule]: register schedule E:\my\my_web\node_server\node_modules\_egg-logrotator@3.1.0@egg-logrotator\app\schedule\clean_log.js
2022-05-22 13:42:40,530 INFO 18424 [egg-schedule]: register schedule E:\my\my_web\node_server\node_modules\_egg-logrotator@3.1.0@egg-logrotator\app\schedule\rotate_by_file.js
2022-05-22 13:50:40,269 INFO 17528 [egg-schedule]: register schedule E:\my\my_web\node_server\node_modules\_egg-multipart@2.13.1@egg-multipart\app\schedule\clean_tmpdir.js
2022-05-22 13:50:40,269 INFO 17528 [egg-schedule]: register schedule E:\my\my_web\node_server\node_modules\_egg-logrotator@3.1.0@egg-logrotator\app\schedule\clean_log.js
2022-05-22 13:50:40,270 INFO 17528 [egg-schedule]: register schedule E:\my\my_web\node_server\node_modules\_egg-logrotator@3.1.0@egg-logrotator\app\schedule\rotate_by_file.js
2022-05-22 14:11:22,570 INFO 14932 [egg-schedule]: register schedule E:\my\my_web\node_server\node_modules\_egg-multipart@2.13.1@egg-multipart\app\schedule\clean_tmpdir.js
2022-05-22 14:11:22,570 INFO 14932 [egg-schedule]: register schedule E:\my\my_web\node_server\node_modules\_egg-logrotator@3.1.0@egg-logrotator\app\schedule\clean_log.js
2022-05-22 14:11:22,570 INFO 14932 [egg-schedule]: register schedule E:\my\my_web\node_server\node_modules\_egg-logrotator@3.1.0@egg-logrotator\app\schedule\rotate_by_file.js
2022-05-22 14:11:28,579 INFO 12628 [egg-schedule]: register schedule E:\my\my_web\node_server\node_modules\_egg-multipart@2.13.1@egg-multipart\app\schedule\clean_tmpdir.js
2022-05-22 14:11:28,579 INFO 12628 [egg-schedule]: register schedule E:\my\my_web\node_server\node_modules\_egg-logrotator@3.1.0@egg-logrotator\app\schedule\clean_log.js
2022-05-22 14:11:28,580 INFO 12628 [egg-schedule]: register schedule E:\my\my_web\node_server\node_modules\_egg-logrotator@3.1.0@egg-logrotator\app\schedule\rotate_by_file.js
2022-05-22 14:14:34,630 INFO 19336 [egg-schedule]: register schedule E:\my\my_web\node_server\node_modules\_egg-multipart@2.13.1@egg-multipart\app\schedule\clean_tmpdir.js
2022-05-22 14:14:34,630 INFO 19336 [egg-schedule]: register schedule E:\my\my_web\node_server\node_modules\_egg-logrotator@3.1.0@egg-logrotator\app\schedule\clean_log.js
2022-05-22 14:14:34,630 INFO 19336 [egg-schedule]: register schedule E:\my\my_web\node_server\node_modules\_egg-logrotator@3.1.0@egg-logrotator\app\schedule\rotate_by_file.js
2022-05-22 14:17:18,449 INFO 14164 [egg-schedule]: register schedule E:\my\my_web\node_server\node_modules\_egg-multipart@2.13.1@egg-multipart\app\schedule\clean_tmpdir.js
2022-05-22 14:17:18,449 INFO 14164 [egg-schedule]: register schedule E:\my\my_web\node_server\node_modules\_egg-logrotator@3.1.0@egg-logrotator\app\schedule\clean_log.js
2022-05-22 14:17:18,449 INFO 14164 [egg-schedule]: register schedule E:\my\my_web\node_server\node_modules\_egg-logrotator@3.1.0@egg-logrotator\app\schedule\rotate_by_file.js
2022-05-22 14:17:24,527 INFO 18468 [egg-schedule]: register schedule E:\my\my_web\node_server\node_modules\_egg-multipart@2.13.1@egg-multipart\app\schedule\clean_tmpdir.js
2022-05-22 14:17:24,527 INFO 18468 [egg-schedule]: register schedule E:\my\my_web\node_server\node_modules\_egg-logrotator@3.1.0@egg-logrotator\app\schedule\clean_log.js
2022-05-22 14:17:24,528 INFO 18468 [egg-schedule]: register schedule E:\my\my_web\node_server\node_modules\_egg-logrotator@3.1.0@egg-logrotator\app\schedule\rotate_by_file.js
2022-05-22 14:19:45,620 INFO 15572 [egg-schedule]: register schedule E:\my\my_web\node_server\node_modules\_egg-multipart@2.13.1@egg-multipart\app\schedule\clean_tmpdir.js
2022-05-22 14:19:45,620 INFO 15572 [egg-schedule]: register schedule E:\my\my_web\node_server\node_modules\_egg-logrotator@3.1.0@egg-logrotator\app\schedule\clean_log.js
2022-05-22 14:19:45,621 INFO 15572 [egg-schedule]: register schedule E:\my\my_web\node_server\node_modules\_egg-logrotator@3.1.0@egg-logrotator\app\schedule\rotate_by_file.js
2022-05-22 14:19:51,627 INFO 4076 [egg-schedule]: register schedule E:\my\my_web\node_server\node_modules\_egg-multipart@2.13.1@egg-multipart\app\schedule\clean_tmpdir.js
2022-05-22 14:19:51,627 INFO 4076 [egg-schedule]: register schedule E:\my\my_web\node_server\node_modules\_egg-logrotator@3.1.0@egg-logrotator\app\schedule\clean_log.js
2022-05-22 14:19:51,628 INFO 4076 [egg-schedule]: register schedule E:\my\my_web\node_server\node_modules\_egg-logrotator@3.1.0@egg-logrotator\app\schedule\rotate_by_file.js
2022-05-22 14:26:10,881 INFO 18136 [egg-schedule]: register schedule E:\my\my_web\node_server\node_modules\_egg-multipart@2.13.1@egg-multipart\app\schedule\clean_tmpdir.js
2022-05-22 14:26:10,881 INFO 18136 [egg-schedule]: register schedule E:\my\my_web\node_server\node_modules\_egg-logrotator@3.1.0@egg-logrotator\app\schedule\clean_log.js
2022-05-22 14:26:10,882 INFO 18136 [egg-schedule]: register schedule E:\my\my_web\node_server\node_modules\_egg-logrotator@3.1.0@egg-logrotator\app\schedule\rotate_by_file.js
2022-05-22 14:26:45,299 INFO 15048 [egg-schedule]: register schedule E:\my\my_web\node_server\node_modules\_egg-multipart@2.13.1@egg-multipart\app\schedule\clean_tmpdir.js
2022-05-22 14:26:45,299 INFO 15048 [egg-schedule]: register schedule E:\my\my_web\node_server\node_modules\_egg-logrotator@3.1.0@egg-logrotator\app\schedule\clean_log.js
2022-05-22 14:26:45,300 INFO 15048 [egg-schedule]: register schedule E:\my\my_web\node_server\node_modules\_egg-logrotator@3.1.0@egg-logrotator\app\schedule\rotate_by_file.js
2022-05-22 14:26:58,521 INFO 15864 [egg-schedule]: register schedule E:\my\my_web\node_server\node_modules\_egg-multipart@2.13.1@egg-multipart\app\schedule\clean_tmpdir.js
2022-05-22 14:26:58,521 INFO 15864 [egg-schedule]: register schedule E:\my\my_web\node_server\node_modules\_egg-logrotator@3.1.0@egg-logrotator\app\schedule\clean_log.js
2022-05-22 14:26:58,521 INFO 15864 [egg-schedule]: register schedule E:\my\my_web\node_server\node_modules\_egg-logrotator@3.1.0@egg-logrotator\app\schedule\rotate_by_file.js
2022-05-22 14:28:21,362 INFO 16444 [egg-schedule]: register schedule E:\my\my_web\node_server\node_modules\_egg-multipart@2.13.1@egg-multipart\app\schedule\clean_tmpdir.js
2022-05-22 14:28:21,362 INFO 16444 [egg-schedule]: register schedule E:\my\my_web\node_server\node_modules\_egg-logrotator@3.1.0@egg-logrotator\app\schedule\clean_log.js
2022-05-22 14:28:21,363 INFO 16444 [egg-schedule]: register schedule E:\my\my_web\node_server\node_modules\_egg-logrotator@3.1.0@egg-logrotator\app\schedule\rotate_by_file.js
2022-05-22 14:28:23,134 INFO 11656 [Timer] E:\my\my_web\node_server\node_modules\_egg-multipart@2.13.1@egg-multipart\app\schedule\clean_tmpdir.js next time will execute after 50496873ms at 2022-05-23 04:30:00.007
2022-05-22 14:28:23,135 INFO 11656 [Timer] E:\my\my_web\node_server\node_modules\_egg-logrotator@3.1.0@egg-logrotator\app\schedule\clean_log.js next time will execute after 34296866ms at 2022-05-23 00:00:00.001
2022-05-22 14:28:23,135 INFO 11656 [Timer] E:\my\my_web\node_server\node_modules\_egg-logrotator@3.1.0@egg-logrotator\app\schedule\rotate_by_file.js next time will execute after 34297865ms at 2022-05-23 00:00:01.000
2022-05-22 14:31:15,111 INFO 9660 [egg-schedule]: register schedule E:\my\my_web\node_server\node_modules\_egg-multipart@2.13.1@egg-multipart\app\schedule\clean_tmpdir.js
2022-05-22 14:31:15,111 INFO 9660 [egg-schedule]: register schedule E:\my\my_web\node_server\node_modules\_egg-logrotator@3.1.0@egg-logrotator\app\schedule\clean_log.js
2022-05-22 14:31:15,111 INFO 9660 [egg-schedule]: register schedule E:\my\my_web\node_server\node_modules\_egg-logrotator@3.1.0@egg-logrotator\app\schedule\rotate_by_file.js
2022-05-22 14:35:55,106 INFO 17508 [egg-schedule]: register schedule E:\my\my_web\node_server\node_modules\_egg-multipart@2.13.1@egg-multipart\app\schedule\clean_tmpdir.js
2022-05-22 14:35:55,106 INFO 17508 [egg-schedule]: register schedule E:\my\my_web\node_server\node_modules\_egg-logrotator@3.1.0@egg-logrotator\app\schedule\clean_log.js
2022-05-22 14:35:55,106 INFO 17508 [egg-schedule]: register schedule E:\my\my_web\node_server\node_modules\_egg-logrotator@3.1.0@egg-logrotator\app\schedule\rotate_by_file.js
2022-05-22 14:36:21,082 INFO 20124 [egg-schedule]: register schedule E:\my\my_web\node_server\node_modules\_egg-multipart@2.13.1@egg-multipart\app\schedule\clean_tmpdir.js
2022-05-22 14:36:21,082 INFO 20124 [egg-schedule]: register schedule E:\my\my_web\node_server\node_modules\_egg-logrotator@3.1.0@egg-logrotator\app\schedule\clean_log.js
2022-05-22 14:36:21,083 INFO 20124 [egg-schedule]: register schedule E:\my\my_web\node_server\node_modules\_egg-logrotator@3.1.0@egg-logrotator\app\schedule\rotate_by_file.js
2022-05-22 14:38:56,033 INFO 20312 [egg-schedule]: register schedule E:\my\my_web\node_server\node_modules\_egg-multipart@2.13.1@egg-multipart\app\schedule\clean_tmpdir.js
2022-05-22 14:38:56,033 INFO 20312 [egg-schedule]: register schedule E:\my\my_web\node_server\node_modules\_egg-logrotator@3.1.0@egg-logrotator\app\schedule\clean_log.js
2022-05-22 14:38:56,034 INFO 20312 [egg-schedule]: register schedule E:\my\my_web\node_server\node_modules\_egg-logrotator@3.1.0@egg-logrotator\app\schedule\rotate_by_file.js
2022-05-22 14:39:02,182 INFO 18664 [egg-schedule]: register schedule E:\my\my_web\node_server\node_modules\_egg-multipart@2.13.1@egg-multipart\app\schedule\clean_tmpdir.js
2022-05-22 14:39:02,182 INFO 18664 [egg-schedule]: register schedule E:\my\my_web\node_server\node_modules\_egg-logrotator@3.1.0@egg-logrotator\app\schedule\clean_log.js
2022-05-22 14:39:02,183 INFO 18664 [egg-schedule]: register schedule E:\my\my_web\node_server\node_modules\_egg-logrotator@3.1.0@egg-logrotator\app\schedule\rotate_by_file.js
2022-05-22 14:41:26,775 INFO 11804 [egg-schedule]: register schedule E:\my\my_web\node_server\node_modules\_egg-multipart@2.13.1@egg-multipart\app\schedule\clean_tmpdir.js
2022-05-22 14:41:26,775 INFO 11804 [egg-schedule]: register schedule E:\my\my_web\node_server\node_modules\_egg-logrotator@3.1.0@egg-logrotator\app\schedule\clean_log.js
2022-05-22 14:41:26,776 INFO 11804 [egg-schedule]: register schedule E:\my\my_web\node_server\node_modules\_egg-logrotator@3.1.0@egg-logrotator\app\schedule\rotate_by_file.js
2022-05-22 14:57:42,067 INFO 2052 [egg-schedule]: register schedule E:\my\my_web\node_server\node_modules\_egg-multipart@2.13.1@egg-multipart\app\schedule\clean_tmpdir.js
2022-05-22 14:57:42,067 INFO 2052 [egg-schedule]: register schedule E:\my\my_web\node_server\node_modules\_egg-logrotator@3.1.0@egg-logrotator\app\schedule\clean_log.js
2022-05-22 14:57:42,067 INFO 2052 [egg-schedule]: register schedule E:\my\my_web\node_server\node_modules\_egg-logrotator@3.1.0@egg-logrotator\app\schedule\rotate_by_file.js
2022-05-22 14:57:48,308 INFO 20552 [egg-schedule]: register schedule E:\my\my_web\node_server\node_modules\_egg-multipart@2.13.1@egg-multipart\app\schedule\clean_tmpdir.js
2022-05-22 14:57:48,308 INFO 20552 [egg-schedule]: register schedule E:\my\my_web\node_server\node_modules\_egg-logrotator@3.1.0@egg-logrotator\app\schedule\clean_log.js
2022-05-22 14:57:48,309 INFO 20552 [egg-schedule]: register schedule E:\my\my_web\node_server\node_modules\_egg-logrotator@3.1.0@egg-logrotator\app\schedule\rotate_by_file.js
2022-05-22 17:50:32,716 INFO 3004 [egg-schedule]: register schedule E:\my\my_web\node_server\node_modules\_egg-multipart@2.13.1@egg-multipart\app\schedule\clean_tmpdir.js
2022-05-22 17:50:32,716 INFO 3004 [egg-schedule]: register schedule E:\my\my_web\node_server\node_modules\_egg-logrotator@3.1.0@egg-logrotator\app\schedule\clean_log.js
2022-05-22 17:50:32,717 INFO 3004 [egg-schedule]: register schedule E:\my\my_web\node_server\node_modules\_egg-logrotator@3.1.0@egg-logrotator\app\schedule\rotate_by_file.js
2022-05-22 17:50:34,704 INFO 19348 [Timer] E:\my\my_web\node_server\node_modules\_egg-multipart@2.13.1@egg-multipart\app\schedule\clean_tmpdir.js next time will execute after 38365302ms at 2022-05-23 04:30:00.006
2022-05-22 17:50:34,705 INFO 19348 [Timer] E:\my\my_web\node_server\node_modules\_egg-logrotator@3.1.0@egg-logrotator\app\schedule\clean_log.js next time will execute after 22165296ms at 2022-05-23 00:00:00.001
2022-05-22 17:50:34,705 INFO 19348 [Timer] E:\my\my_web\node_server\node_modules\_egg-logrotator@3.1.0@egg-logrotator\app\schedule\rotate_by_file.js next time will execute after 22166295ms at 2022-05-23 00:00:01.000
2022-05-23 15:43:25,359 INFO 14720 [egg-schedule]: register schedule E:\my\my_web\node_server\node_modules\_egg-multipart@2.13.1@egg-multipart\app\schedule\clean_tmpdir.js
2022-05-23 15:43:25,359 INFO 14720 [egg-schedule]: register schedule E:\my\my_web\node_server\node_modules\_egg-logrotator@3.1.0@egg-logrotator\app\schedule\clean_log.js
2022-05-23 15:43:25,359 INFO 14720 [egg-schedule]: register schedule E:\my\my_web\node_server\node_modules\_egg-logrotator@3.1.0@egg-logrotator\app\schedule\rotate_by_file.js
2022-05-23 15:43:27,254 INFO 5704 [Timer] E:\my\my_web\node_server\node_modules\_egg-multipart@2.13.1@egg-multipart\app\schedule\clean_tmpdir.js next time will execute after 45992752ms at 2022-05-24 04:30:00.006
2022-05-23 15:43:27,255 INFO 5704 [Timer] E:\my\my_web\node_server\node_modules\_egg-logrotator@3.1.0@egg-logrotator\app\schedule\clean_log.js next time will execute after 29792746ms at 2022-05-24 00:00:00.001
2022-05-23 15:43:27,255 INFO 5704 [Timer] E:\my\my_web\node_server\node_modules\_egg-logrotator@3.1.0@egg-logrotator\app\schedule\rotate_by_file.js next time will execute after 29793745ms at 2022-05-24 00:00:01.000
2022-05-23 15:43:29,446 INFO 15984 [egg-schedule]: register schedule E:\my\my_web\node_server\node_modules\_egg-multipart@2.13.1@egg-multipart\app\schedule\clean_tmpdir.js
2022-05-23 15:43:29,446 INFO 15984 [egg-schedule]: register schedule E:\my\my_web\node_server\node_modules\_egg-logrotator@3.1.0@egg-logrotator\app\schedule\clean_log.js
2022-05-23 15:43:29,447 INFO 15984 [egg-schedule]: register schedule E:\my\my_web\node_server\node_modules\_egg-logrotator@3.1.0@egg-logrotator\app\schedule\rotate_by_file.js
2022-05-23 15:43:35,114 INFO 7584 [egg-schedule]: register schedule E:\my\my_web\node_server\node_modules\_egg-multipart@2.13.1@egg-multipart\app\schedule\clean_tmpdir.js
2022-05-23 15:43:35,114 INFO 7584 [egg-schedule]: register schedule E:\my\my_web\node_server\node_modules\_egg-logrotator@3.1.0@egg-logrotator\app\schedule\clean_log.js
2022-05-23 15:43:35,114 INFO 7584 [egg-schedule]: register schedule E:\my\my_web\node_server\node_modules\_egg-logrotator@3.1.0@egg-logrotator\app\schedule\rotate_by_file.js
2022-05-23 15:45:18,769 INFO 13628 [egg-schedule]: register schedule E:\my\my_web\node_server\node_modules\_egg-multipart@2.13.1@egg-multipart\app\schedule\clean_tmpdir.js
2022-05-23 15:45:18,769 INFO 13628 [egg-schedule]: register schedule E:\my\my_web\node_server\node_modules\_egg-logrotator@3.1.0@egg-logrotator\app\schedule\clean_log.js
2022-05-23 15:45:18,769 INFO 13628 [egg-schedule]: register schedule E:\my\my_web\node_server\node_modules\_egg-logrotator@3.1.0@egg-logrotator\app\schedule\rotate_by_file.js
2022-05-23 15:50:03,442 INFO 10812 [egg-schedule]: register schedule E:\my\my_web\node_server\node_modules\_egg-multipart@2.13.1@egg-multipart\app\schedule\clean_tmpdir.js
2022-05-23 15:50:03,442 INFO 10812 [egg-schedule]: register schedule E:\my\my_web\node_server\node_modules\_egg-logrotator@3.1.0@egg-logrotator\app\schedule\clean_log.js
2022-05-23 15:50:03,442 INFO 10812 [egg-schedule]: register schedule E:\my\my_web\node_server\node_modules\_egg-logrotator@3.1.0@egg-logrotator\app\schedule\rotate_by_file.js
